Using pre-set license
Built from '2021.3/staging' branch; Version is '2021.3.14f1 (eee1884e7226) revision 15655304'; Using compiler version '192829333'; Build Type 'Release'
OS: 'Windows 11  (10.0.22621) 64bit Professional' Language: 'ru' Physical Memory: 16198 MB
BatchMode: 1, IsHumanControllingUs: 0, StartBugReporterOnCrash: 0, Is64bit: 1, IsPro: 1

COMMAND LINE ARGUMENTS:
C:\Program Files\Unity\Hub\Editor\2021.3.14f1\Editor\Unity.exe
-adb2
-batchMode
-noUpm
-name
AssetImportWorker2
-projectPath
D:/UnityHub/TSDSYS/TSD
-logFile
Logs/AssetImportWorker2.log
-srvPort
49392
Successfully changed project path to: D:/UnityHub/TSDSYS/TSD
D:/UnityHub/TSDSYS/TSD
[UnityMemory] Configuration Parameters - Can be set up in boot.config
    "memorysetup-bucket-allocator-granularity=16"
    "memorysetup-bucket-allocator-bucket-count=8"
    "memorysetup-bucket-allocator-block-size=33554432"
    "memorysetup-bucket-allocator-block-count=8"
    "memorysetup-main-allocator-block-size=16777216"
    "memorysetup-thread-allocator-block-size=16777216"
    "memorysetup-gfx-main-allocator-block-size=16777216"
    "memorysetup-gfx-thread-allocator-block-size=16777216"
    "memorysetup-cache-allocator-block-size=4194304"
    "memorysetup-typetree-allocator-block-size=2097152"
    "memorysetup-profiler-bucket-allocator-granularity=16"
    "memorysetup-profiler-bucket-allocator-bucket-count=8"
    "memorysetup-profiler-bucket-allocator-block-size=33554432"
    "memorysetup-profiler-bucket-allocator-block-count=8"
    "memorysetup-profiler-allocator-block-size=16777216"
    "memorysetup-profiler-editor-allocator-block-size=1048576"
    "memorysetup-temp-allocator-size-main=16777216"
    "memorysetup-job-temp-allocator-block-size=2097152"
    "memorysetup-job-temp-allocator-block-size-background=1048576"
    "memorysetup-job-temp-allocator-reduction-small-platforms=262144"
    "memorysetup-temp-allocator-size-background-worker=32768"
    "memorysetup-temp-allocator-size-job-worker=262144"
    "memorysetup-temp-allocator-size-preload-manager=33554432"
    "memorysetup-temp-allocator-size-nav-mesh-worker=65536"
    "memorysetup-temp-allocator-size-audio-worker=65536"
    "memorysetup-temp-allocator-size-cloud-worker=32768"
    "memorysetup-temp-allocator-size-gi-baking-worker=262144"
    "memorysetup-temp-allocator-size-gfx=262144"
Refreshing native plugins compatible for Editor in 144.84 ms, found 3 plugins.
Preloading 0 native plugins for Editor in 0.00 ms.
Initialize engine version: 2021.3.14f1 (eee1884e7226)
[Subsystems] Discovering subsystems at path C:/Program Files/Unity/Hub/Editor/2021.3.14f1/Editor/Data/Resources/UnitySubsystems
[Subsystems] Discovering subsystems at path D:/UnityHub/TSDSYS/TSD/Assets
GfxDevice: creating device client; threaded=0; jobified=0
Direct3D:
    Version:  Direct3D 11.0 [level 11.1]
    Renderer: Intel(R) UHD Graphics 620 (ID=0x3ea0)
    Vendor:   Intel
    VRAM:     8099 MB
    Driver:   30.0.101.1338
Initialize mono
Mono path[0] = 'C:/Program Files/Unity/Hub/Editor/2021.3.14f1/Editor/Data/Managed'
Mono path[1] = 'C:/Program Files/Unity/Hub/Editor/2021.3.14f1/Editor/Data/MonoBleedingEdge/lib/mono/unityjit-win32'
Mono config path = 'C:/Program Files/Unity/Hub/Editor/2021.3.14f1/Editor/Data/MonoBleedingEdge/etc'
Using monoOptions --debugger-agent=transport=dt_socket,embedding=1,server=y,suspend=n,address=127.0.0.1:56660
Begin MonoManager ReloadAssembly
Registering precompiled unity dll's ...
Register platform support module: C:/Program Files/Unity/Hub/Editor/2021.3.14f1/Editor/Data/PlaybackEngines/WebGLSupport/UnityEditor.WebGL.Extensions.dll
Register platform support module: C:/Program Files/Unity/Hub/Editor/2021.3.14f1/Editor/Data/PlaybackEngines/AndroidPlayer/UnityEditor.Android.Extensions.dll
Register platform support module: C:/Program Files/Unity/Hub/Editor/2021.3.14f1/Editor/Data/PlaybackEngines/iOSSupport/UnityEditor.iOS.Extensions.dll
Register platform support module: C:/Program Files/Unity/Hub/Editor/2021.3.14f1/Editor/Data/PlaybackEngines/WindowsStandaloneSupport/UnityEditor.WindowsStandalone.Extensions.dll
Registered in 0.005951 seconds.
Native extension for WindowsStandalone target not found
[usbmuxd] Start listen thread
[usbmuxd] Listen thread started
Native extension for iOS target not found
Native extension for Android target not found
Native extension for WebGL target not found
Refreshing native plugins compatible for Editor in 94.98 ms, found 3 plugins.
Preloading 0 native plugins for Editor in 0.00 ms.
Mono: successfully reloaded assembly
- Completed reload, in  0.889 seconds
Domain Reload Profiling:
	ReloadAssembly (890ms)
		BeginReloadAssembly (131ms)
			ExecutionOrderSort (0ms)
			DisableScriptedObjects (0ms)
			BackupInstance (0ms)
			ReleaseScriptingObjects (0ms)
			CreateAndSetChildDomain (1ms)
		EndReloadAssembly (618ms)
			LoadAssemblies (130ms)
			RebuildTransferFunctionScriptingTraits (0ms)
			SetupTypeCache (155ms)
			ReleaseScriptCaches (0ms)
			RebuildScriptCaches (37ms)
			SetupLoadedEditorAssemblies (362ms)
				LogAssemblyErrors (0ms)
				InitializePlatformSupportModulesInManaged (88ms)
				SetLoadedEditorAssemblies (0ms)
				RefreshPlugins (95ms)
				BeforeProcessingInitializeOnLoad (2ms)
				ProcessInitializeOnLoadAttributes (124ms)
				ProcessInitializeOnLoadMethodAttributes (53ms)
				AfterProcessingInitializeOnLoad (0ms)
				EditorAssembliesLoaded (0ms)
			ExecutionOrderSort2 (0ms)
			AwakeInstancesAfterBackupRestoration (0ms)
Platform modules already initialized, skipping
Registering precompiled user dll's ...
Registered in 0.003126 seconds.
Begin MonoManager ReloadAssembly
Symbol file LoadedFromMemory doesn't match image D:\UnityHub\TSDSYS\TSD\Library\PackageCache\com.unity.visualscripting@1.7.8\Editor\VisualScripting.Core\Dependencies\YamlDotNet\Unity.VisualScripting.YamlDotNet.dll
Symbol file LoadedFromMemory doesn't match image D:\UnityHub\TSDSYS\TSD\Library\PackageCache\com.unity.visualscripting@1.7.8\Editor\VisualScripting.Core\Dependencies\DotNetZip\Unity.VisualScripting.IonicZip.dll
Native extension for WindowsStandalone target not found
Native extension for iOS target not found
Native extension for Android target not found
Native extension for WebGL target not found
Refreshing native plugins compatible for Editor in 0.74 ms, found 3 plugins.
Preloading 0 native plugins for Editor in 0.00 ms.
Mono: successfully reloaded assembly
- Completed reload, in  1.401 seconds
Domain Reload Profiling:
	ReloadAssembly (1402ms)
		BeginReloadAssembly (253ms)
			ExecutionOrderSort (0ms)
			DisableScriptedObjects (8ms)
			BackupInstance (0ms)
			ReleaseScriptingObjects (0ms)
			CreateAndSetChildDomain (146ms)
		EndReloadAssembly (1033ms)
			LoadAssemblies (88ms)
			RebuildTransferFunctionScriptingTraits (0ms)
			SetupTypeCache (384ms)
			ReleaseScriptCaches (1ms)
			RebuildScriptCaches (69ms)
			SetupLoadedEditorAssemblies (437ms)
				LogAssemblyErrors (0ms)
				InitializePlatformSupportModulesInManaged (30ms)
				SetLoadedEditorAssemblies (0ms)
				RefreshPlugins (1ms)
				BeforeProcessingInitializeOnLoad (93ms)
				ProcessInitializeOnLoadAttributes (277ms)
				ProcessInitializeOnLoadMethodAttributes (30ms)
				AfterProcessingInitializeOnLoad (5ms)
				EditorAssembliesLoaded (0ms)
			ExecutionOrderSort2 (0ms)
			AwakeInstancesAfterBackupRestoration (6ms)
Platform modules already initialized, skipping
========================================================================
Worker process is ready to serve import requests
Failed to load shader (instanceID 396, GUID 9c442dc870b456e48b615cd8add0e9ef)
Failed to load shader (instanceID 398, GUID 493b79ea9c9be44ed8b702014d3ac49c)
Launched and connected shader compiler UnityShaderCompiler.exe after 0.04 seconds
Refreshing native plugins compatible for Editor in 0.73 ms, found 3 plugins.
Preloading 0 native plugins for Editor in 0.00 ms.
Unloading 3391 Unused Serialized files (Serialized files now loaded: 0)
Unloading 25 unused Assets / (56.1 KB). Loaded Objects now: 3853.
Memory consumption went from 120.7 MB to 120.7 MB.
Total: 4.001000 ms (FindLiveObjects: 0.276800 ms CreateObjectMapping: 0.191700 ms MarkObjects: 3.454700 ms  DeleteObjects: 0.076800 ms)

AssetImportParameters requested are different than current active one (requested -> active):
  custom:video-decoder-ogg-theora: a1e56fd34408186e4bbccfd4996cb3dc -> 
  custom:container-muxer-webm: aa71ff27fc2769a1b78a27578f13a17b -> 
  custom:container-demuxer-webm: 4f35f7cbe854078d1ac9338744f61a02 -> 
  custom:video-encoder-webm-vp8: eb34c28f22e8b96e1ab97ce403110664 -> 
  custom:video-codec-MediaFoundation-h265: 746d11721c4dcdbdad8f713fa42b33f4 -> 
  custom:audio-encoder-webm-vorbis: bf7c407c2cedff20999df2af8eb42d56 -> 
  custom:framework-win-MediaFoundation: 216162199b28c13a410421893ffa2e32 -> 
  custom:container-demuxer-ogg: 62fdf1f143b41e24485cea50d1cbac27 -> 
  custom:video-decoder-webm-vp8: 9c59270c3fd7afecdb556c50c9e8de78 -> 
  custom:audio-decoder-ogg-vorbis: bf7c407c2cedff20999df2af8eb42d56 -> 
========================================================================
Received Import Request.
  Time since last request: 540610.278397 seconds.
  path: Assets/Resurses/GUI Kit Casual Game/ResourcesData/Fonts
  artifactKey: Guid(56eb8fbbd6e7e4f1b951c497e9cdffce) Importer(815301076,1909f56bfc062723c751e8b465ee728b)
Start importing Assets/Resurses/GUI Kit Casual Game/ResourcesData/Fonts using Guid(56eb8fbbd6e7e4f1b951c497e9cdffce) Importer(815301076,1909f56bfc062723c751e8b465ee728b)  -> (artifact id: 'a295fa35af3d5eec1db01478d2ae4a8a') in 0.007341 seconds 
========================================================================
Received Import Request.
  Time since last request: 0.050496 seconds.
  path: Assets/Resurses/GUI Kit Casual Game/ResourcesData/Fonts/LilitaOne-Regular Outline 32 SDF Atlas.png
  artifactKey: Guid(24afcf316a3a944c3bf86bc27a2f93fb) Importer(815301076,1909f56bfc062723c751e8b465ee728b)
Start importing Assets/Resurses/GUI Kit Casual Game/ResourcesData/Fonts/LilitaOne-Regular Outline 32 SDF Atlas.png using Guid(24afcf316a3a944c3bf86bc27a2f93fb) Importer(815301076,1909f56bfc062723c751e8b465ee728b)  -> (artifact id: '6462272fe72793d9df68e0ef89ef9fa6') in 0.150185 seconds 
========================================================================
Received Import Request.
  Time since last request: 0.000027 seconds.
  path: Assets/Resurses/GUI Kit Casual Game/ResourcesData/Fonts/LilitaOne-Regular Outline_Extended ASCII_40 SDF Atlas.png
  artifactKey: Guid(b69bbc81e50d34f86a06fa187435ee02) Importer(815301076,1909f56bfc062723c751e8b465ee728b)
Start importing Assets/Resurses/GUI Kit Casual Game/ResourcesData/Fonts/LilitaOne-Regular Outline_Extended ASCII_40 SDF Atlas.png using Guid(b69bbc81e50d34f86a06fa187435ee02) Importer(815301076,1909f56bfc062723c751e8b465ee728b)  -> (artifact id: '6ad217acaae51fe75d28966bd2cf8fa1') in 0.057180 seconds 
========================================================================
Received Import Request.
  Time since last request: 0.000038 seconds.
  path: Assets/Resurses/GUI Kit Casual Game/ResourcesData/Fonts/LilitaOne-Regular Outline 210 SDF Atlas.png
  artifactKey: Guid(344ece39f87ef42eda903eba1635395a) Importer(815301076,1909f56bfc062723c751e8b465ee728b)
Start importing Assets/Resurses/GUI Kit Casual Game/ResourcesData/Fonts/LilitaOne-Regular Outline 210 SDF Atlas.png using Guid(344ece39f87ef42eda903eba1635395a) Importer(815301076,1909f56bfc062723c751e8b465ee728b)  -> (artifact id: '3c9eb2c1d0ff9cf2d93e48263d35aa33') in 0.299607 seconds 
========================================================================
Received Import Request.
  Time since last request: 0.000077 seconds.
  path: Assets/Resurses/GUI Kit Casual Game/ResourcesData/Fonts/LilitaOne-Regular Outline_Extended ASCII_64 SDF Atlas.png
  artifactKey: Guid(d454a327204cd4185bcb58aab6137a69) Importer(815301076,1909f56bfc062723c751e8b465ee728b)
Start importing Assets/Resurses/GUI Kit Casual Game/ResourcesData/Fonts/LilitaOne-Regular Outline_Extended ASCII_64 SDF Atlas.png using Guid(d454a327204cd4185bcb58aab6137a69) Importer(815301076,1909f56bfc062723c751e8b465ee728b)  -> (artifact id: '00e231429c948c226f26a3ae74b90f52') in 0.080877 seconds 
========================================================================
Received Import Request.
  Time since last request: 0.000053 seconds.
  path: Assets/Resurses/GUI Kit Casual Game/ResourcesData/Fonts/LilitaOne-Regular Outline 40 SDF.asset
  artifactKey: Guid(50c12c23294124aa48490c44ac65a9e4) Importer(815301076,1909f56bfc062723c751e8b465ee728b)
Start importing Assets/Resurses/GUI Kit Casual Game/ResourcesData/Fonts/LilitaOne-Regular Outline 40 SDF.asset using Guid(50c12c23294124aa48490c44ac65a9e4) Importer(815301076,1909f56bfc062723c751e8b465ee728b)  -> (artifact id: 'd1b72996394e63c006d7da618605659c') in 0.088227 seconds 
========================================================================
Received Import Request.
  Time since last request: 0.000029 seconds.
  path: Assets/Resurses/GUI Kit Casual Game/ResourcesData/Fonts/LilitaOne-Regular Outline 120 SDF Atlas.png
  artifactKey: Guid(f4318018eb26b46dd83e7f4c0bfb4a9a) Importer(815301076,1909f56bfc062723c751e8b465ee728b)
Start importing Assets/Resurses/GUI Kit Casual Game/ResourcesData/Fonts/LilitaOne-Regular Outline 120 SDF Atlas.png using Guid(f4318018eb26b46dd83e7f4c0bfb4a9a) Importer(815301076,1909f56bfc062723c751e8b465ee728b)  -> (artifact id: '70d3c4ffde5af67e6406076878c0aecb') in 0.081023 seconds 
========================================================================
Received Import Request.
  Time since last request: 11.676901 seconds.
  path: Assets/Resurses/SimpleUI/Simple UI/Fonts
  artifactKey: Guid(1e0fee68ac6e34f3792998dd81384a66) Importer(815301076,1909f56bfc062723c751e8b465ee728b)
Start importing Assets/Resurses/SimpleUI/Simple UI/Fonts using Guid(1e0fee68ac6e34f3792998dd81384a66) Importer(815301076,1909f56bfc062723c751e8b465ee728b)  -> (artifact id: 'cad7f02f69943e88c30408a675e2b989') in 0.000933 seconds 
========================================================================
Received Import Request.
  Time since last request: 3.034459 seconds.
  path: Assets/Resurses/UI Kit Pro - Casual Glossy/Fonts
  artifactKey: Guid(4d59307d41592436881b441cce3af996) Importer(815301076,1909f56bfc062723c751e8b465ee728b)
Start importing Assets/Resurses/UI Kit Pro - Casual Glossy/Fonts using Guid(4d59307d41592436881b441cce3af996) Importer(815301076,1909f56bfc062723c751e8b465ee728b)  -> (artifact id: '743bb918e9e3056cef31cd8da3acf925') in 0.000925 seconds 
========================================================================
Received Import Request.
  Time since last request: 2.456052 seconds.
  path: Assets/Resurses/Fonts & Materials
  artifactKey: Guid(731f1baa9d144a9897cb1d341c2092b8) Importer(815301076,1909f56bfc062723c751e8b465ee728b)
Start importing Assets/Resurses/Fonts & Materials using Guid(731f1baa9d144a9897cb1d341c2092b8) Importer(815301076,1909f56bfc062723c751e8b465ee728b)  -> (artifact id: '82c0eb0146fef0d1695b2e745ab845f9') in 0.000890 seconds 
========================================================================
Received Import Request.
  Time since last request: 120.862171 seconds.
  path: Assets/Resurses/Fonts & Materials/LiberationSans SDF.mat
  artifactKey: Guid(76b5fe2365fd10c4b87c72f1d8f95ca9) Importer(815301076,1909f56bfc062723c751e8b465ee728b)
Start importing Assets/Resurses/Fonts & Materials/LiberationSans SDF.mat using Guid(76b5fe2365fd10c4b87c72f1d8f95ca9) Importer(815301076,1909f56bfc062723c751e8b465ee728b)  -> (artifact id: '8adc92d0e8e7cde76f41cc657027a64a') in 0.033542 seconds 
========================================================================
Received Prepare
Registering precompiled user dll's ...
Registered in 0.003366 seconds.
Begin MonoManager ReloadAssembly
Symbol file LoadedFromMemory doesn't match image D:\UnityHub\TSDSYS\TSD\Library\PackageCache\com.unity.visualscripting@1.7.8\Editor\VisualScripting.Core\Dependencies\YamlDotNet\Unity.VisualScripting.YamlDotNet.dll
Symbol file LoadedFromMemory doesn't match image D:\UnityHub\TSDSYS\TSD\Library\PackageCache\com.unity.visualscripting@1.7.8\Editor\VisualScripting.Core\Dependencies\DotNetZip\Unity.VisualScripting.IonicZip.dll
Native extension for WindowsStandalone target not found
Native extension for iOS target not found
Native extension for Android target not found
Native extension for WebGL target not found
Refreshing native plugins compatible for Editor in 0.78 ms, found 3 plugins.
Preloading 0 native plugins for Editor in 0.00 ms.
Mono: successfully reloaded assembly
- Completed reload, in  1.174 seconds
Domain Reload Profiling:
	ReloadAssembly (1175ms)
		BeginReloadAssembly (153ms)
			ExecutionOrderSort (0ms)
			DisableScriptedObjects (6ms)
			BackupInstance (0ms)
			ReleaseScriptingObjects (0ms)
			CreateAndSetChildDomain (46ms)
		EndReloadAssembly (909ms)
			LoadAssemblies (84ms)
			RebuildTransferFunctionScriptingTraits (0ms)
			SetupTypeCache (328ms)
			ReleaseScriptCaches (1ms)
			RebuildScriptCaches (47ms)
			SetupLoadedEditorAssemblies (402ms)
				LogAssemblyErrors (0ms)
				InitializePlatformSupportModulesInManaged (33ms)
				SetLoadedEditorAssemblies (1ms)
				RefreshPlugins (1ms)
				BeforeProcessingInitializeOnLoad (77ms)
				ProcessInitializeOnLoadAttributes (258ms)
				ProcessInitializeOnLoadMethodAttributes (26ms)
				AfterProcessingInitializeOnLoad (5ms)
				EditorAssembliesLoaded (0ms)
			ExecutionOrderSort2 (0ms)
			AwakeInstancesAfterBackupRestoration (6ms)
Platform modules already initialized, skipping
Failed to load shader (instanceID 396, GUID 9c442dc870b456e48b615cd8add0e9ef)
Failed to load shader (instanceID 398, GUID 493b79ea9c9be44ed8b702014d3ac49c)
Refreshing native plugins compatible for Editor in 2.48 ms, found 3 plugins.
Preloading 0 native plugins for Editor in 0.00 ms.
Unloading 3372 Unused Serialized files (Serialized files now loaded: 0)
Unloading 18 unused Assets / (24.7 KB). Loaded Objects now: 3910.
Memory consumption went from 124.0 MB to 124.0 MB.
Total: 5.382200 ms (FindLiveObjects: 0.394400 ms CreateObjectMapping: 0.316900 ms MarkObjects: 4.609500 ms  DeleteObjects: 0.059600 ms)

AssetImportParameters requested are different than current active one (requested -> active):
  custom:video-decoder-ogg-theora: a1e56fd34408186e4bbccfd4996cb3dc -> 
  custom:container-muxer-webm: aa71ff27fc2769a1b78a27578f13a17b -> 
  custom:container-demuxer-webm: 4f35f7cbe854078d1ac9338744f61a02 -> 
  custom:video-encoder-webm-vp8: eb34c28f22e8b96e1ab97ce403110664 -> 
  custom:video-codec-MediaFoundation-h265: 746d11721c4dcdbdad8f713fa42b33f4 -> 
  custom:audio-encoder-webm-vorbis: bf7c407c2cedff20999df2af8eb42d56 -> 
  custom:framework-win-MediaFoundation: 216162199b28c13a410421893ffa2e32 -> 
  custom:container-demuxer-ogg: 62fdf1f143b41e24485cea50d1cbac27 -> 
  custom:video-decoder-webm-vp8: 9c59270c3fd7afecdb556c50c9e8de78 -> 
  custom:audio-decoder-ogg-vorbis: bf7c407c2cedff20999df2af8eb42d56 -> 
