Using pre-set license
Built from '2021.3/staging' branch; Version is '2021.3.14f1 (eee1884e7226) revision 15655304'; Using compiler version '192829333'; Build Type 'Release'
OS: 'Windows 11  (10.0.22621) 64bit Professional' Language: 'ru' Physical Memory: 16198 MB
BatchMode: 1, IsHumanControllingUs: 0, StartBugReporterOnCrash: 0, Is64bit: 1, IsPro: 1

COMMAND LINE ARGUMENTS:
C:\Program Files\Unity\Hub\Editor\2021.3.14f1\Editor\Unity.exe
-adb2
-batchMode
-noUpm
-name
AssetImportWorker1
-projectPath
D:/UnityHub/TSDSYS/TSD
-logFile
Logs/AssetImportWorker1.log
-srvPort
49392
Successfully changed project path to: D:/UnityHub/TSDSYS/TSD
D:/UnityHub/TSDSYS/TSD
[UnityMemory] Configuration Parameters - Can be set up in boot.config
    "memorysetup-bucket-allocator-granularity=16"
    "memorysetup-bucket-allocator-bucket-count=8"
    "memorysetup-bucket-allocator-block-size=33554432"
    "memorysetup-bucket-allocator-block-count=8"
    "memorysetup-main-allocator-block-size=16777216"
    "memorysetup-thread-allocator-block-size=16777216"
    "memorysetup-gfx-main-allocator-block-size=16777216"
    "memorysetup-gfx-thread-allocator-block-size=16777216"
    "memorysetup-cache-allocator-block-size=4194304"
    "memorysetup-typetree-allocator-block-size=2097152"
    "memorysetup-profiler-bucket-allocator-granularity=16"
    "memorysetup-profiler-bucket-allocator-bucket-count=8"
    "memorysetup-profiler-bucket-allocator-block-size=33554432"
    "memorysetup-profiler-bucket-allocator-block-count=8"
    "memorysetup-profiler-allocator-block-size=16777216"
    "memorysetup-profiler-editor-allocator-block-size=1048576"
    "memorysetup-temp-allocator-size-main=16777216"
    "memorysetup-job-temp-allocator-block-size=2097152"
    "memorysetup-job-temp-allocator-block-size-background=1048576"
    "memorysetup-job-temp-allocator-reduction-small-platforms=262144"
    "memorysetup-temp-allocator-size-background-worker=32768"
    "memorysetup-temp-allocator-size-job-worker=262144"
    "memorysetup-temp-allocator-size-preload-manager=33554432"
    "memorysetup-temp-allocator-size-nav-mesh-worker=65536"
    "memorysetup-temp-allocator-size-audio-worker=65536"
    "memorysetup-temp-allocator-size-cloud-worker=32768"
    "memorysetup-temp-allocator-size-gi-baking-worker=262144"
    "memorysetup-temp-allocator-size-gfx=262144"
Refreshing native plugins compatible for Editor in 105.91 ms, found 3 plugins.
Preloading 0 native plugins for Editor in 0.00 ms.
Initialize engine version: 2021.3.14f1 (eee1884e7226)
[Subsystems] Discovering subsystems at path C:/Program Files/Unity/Hub/Editor/2021.3.14f1/Editor/Data/Resources/UnitySubsystems
[Subsystems] Discovering subsystems at path D:/UnityHub/TSDSYS/TSD/Assets
GfxDevice: creating device client; threaded=0; jobified=0
Direct3D:
    Version:  Direct3D 11.0 [level 11.1]
    Renderer: Intel(R) UHD Graphics 620 (ID=0x3ea0)
    Vendor:   Intel
    VRAM:     8099 MB
    Driver:   30.0.101.1338
Initialize mono
Mono path[0] = 'C:/Program Files/Unity/Hub/Editor/2021.3.14f1/Editor/Data/Managed'
Mono path[1] = 'C:/Program Files/Unity/Hub/Editor/2021.3.14f1/Editor/Data/MonoBleedingEdge/lib/mono/unityjit-win32'
Mono config path = 'C:/Program Files/Unity/Hub/Editor/2021.3.14f1/Editor/Data/MonoBleedingEdge/etc'
Using monoOptions --debugger-agent=transport=dt_socket,embedding=1,server=y,suspend=n,address=127.0.0.1:56528
Begin MonoManager ReloadAssembly
Registering precompiled unity dll's ...
Register platform support module: C:/Program Files/Unity/Hub/Editor/2021.3.14f1/Editor/Data/PlaybackEngines/WebGLSupport/UnityEditor.WebGL.Extensions.dll
Register platform support module: C:/Program Files/Unity/Hub/Editor/2021.3.14f1/Editor/Data/PlaybackEngines/AndroidPlayer/UnityEditor.Android.Extensions.dll
Register platform support module: C:/Program Files/Unity/Hub/Editor/2021.3.14f1/Editor/Data/PlaybackEngines/iOSSupport/UnityEditor.iOS.Extensions.dll
Register platform support module: C:/Program Files/Unity/Hub/Editor/2021.3.14f1/Editor/Data/PlaybackEngines/WindowsStandaloneSupport/UnityEditor.WindowsStandalone.Extensions.dll
Registered in 0.005997 seconds.
Native extension for WindowsStandalone target not found
[usbmuxd] Start listen thread
[usbmuxd] Listen thread started
Native extension for iOS target not found
Native extension for Android target not found
Native extension for WebGL target not found
Refreshing native plugins compatible for Editor in 122.35 ms, found 3 plugins.
Preloading 0 native plugins for Editor in 0.00 ms.
Mono: successfully reloaded assembly
- Completed reload, in  0.791 seconds
Domain Reload Profiling:
	ReloadAssembly (792ms)
		BeginReloadAssembly (75ms)
			ExecutionOrderSort (0ms)
			DisableScriptedObjects (0ms)
			BackupInstance (0ms)
			ReleaseScriptingObjects (0ms)
			CreateAndSetChildDomain (1ms)
		EndReloadAssembly (601ms)
			LoadAssemblies (74ms)
			RebuildTransferFunctionScriptingTraits (0ms)
			SetupTypeCache (122ms)
			ReleaseScriptCaches (0ms)
			RebuildScriptCaches (39ms)
			SetupLoadedEditorAssemblies (371ms)
				LogAssemblyErrors (0ms)
				InitializePlatformSupportModulesInManaged (71ms)
				SetLoadedEditorAssemblies (0ms)
				RefreshPlugins (122ms)
				BeforeProcessingInitializeOnLoad (2ms)
				ProcessInitializeOnLoadAttributes (122ms)
				ProcessInitializeOnLoadMethodAttributes (54ms)
				AfterProcessingInitializeOnLoad (0ms)
				EditorAssembliesLoaded (0ms)
			ExecutionOrderSort2 (0ms)
			AwakeInstancesAfterBackupRestoration (0ms)
Platform modules already initialized, skipping
Registering precompiled user dll's ...
Registered in 0.002912 seconds.
Begin MonoManager ReloadAssembly
Symbol file LoadedFromMemory doesn't match image D:\UnityHub\TSDSYS\TSD\Library\PackageCache\com.unity.visualscripting@1.7.8\Editor\VisualScripting.Core\Dependencies\YamlDotNet\Unity.VisualScripting.YamlDotNet.dll
Symbol file LoadedFromMemory doesn't match image D:\UnityHub\TSDSYS\TSD\Library\PackageCache\com.unity.visualscripting@1.7.8\Editor\VisualScripting.Core\Dependencies\DotNetZip\Unity.VisualScripting.IonicZip.dll
Native extension for WindowsStandalone target not found
Native extension for iOS target not found
Native extension for Android target not found
Native extension for WebGL target not found
Refreshing native plugins compatible for Editor in 0.75 ms, found 3 plugins.
Preloading 0 native plugins for Editor in 0.00 ms.
Mono: successfully reloaded assembly
- Completed reload, in  1.308 seconds
Domain Reload Profiling:
	ReloadAssembly (1309ms)
		BeginReloadAssembly (228ms)
			ExecutionOrderSort (0ms)
			DisableScriptedObjects (7ms)
			BackupInstance (0ms)
			ReleaseScriptingObjects (0ms)
			CreateAndSetChildDomain (127ms)
		EndReloadAssembly (949ms)
			LoadAssemblies (84ms)
			RebuildTransferFunctionScriptingTraits (0ms)
			SetupTypeCache (306ms)
			ReleaseScriptCaches (1ms)
			RebuildScriptCaches (66ms)
			SetupLoadedEditorAssemblies (437ms)
				LogAssemblyErrors (0ms)
				InitializePlatformSupportModulesInManaged (30ms)
				SetLoadedEditorAssemblies (1ms)
				RefreshPlugins (1ms)
				BeforeProcessingInitializeOnLoad (96ms)
				ProcessInitializeOnLoadAttributes (274ms)
				ProcessInitializeOnLoadMethodAttributes (29ms)
				AfterProcessingInitializeOnLoad (6ms)
				EditorAssembliesLoaded (0ms)
			ExecutionOrderSort2 (0ms)
			AwakeInstancesAfterBackupRestoration (6ms)
Platform modules already initialized, skipping
========================================================================
Worker process is ready to serve import requests
Failed to load shader (instanceID 396, GUID 9c442dc870b456e48b615cd8add0e9ef)
Failed to load shader (instanceID 398, GUID 493b79ea9c9be44ed8b702014d3ac49c)
Launched and connected shader compiler UnityShaderCompiler.exe after 0.03 seconds
Refreshing native plugins compatible for Editor in 0.68 ms, found 3 plugins.
Preloading 0 native plugins for Editor in 0.00 ms.
Unloading 3391 Unused Serialized files (Serialized files now loaded: 0)
Unloading 25 unused Assets / (56.1 KB). Loaded Objects now: 3853.
Memory consumption went from 120.7 MB to 120.7 MB.
Total: 4.800300 ms (FindLiveObjects: 0.298100 ms CreateObjectMapping: 0.265900 ms MarkObjects: 4.134600 ms  DeleteObjects: 0.099900 ms)

AssetImportParameters requested are different than current active one (requested -> active):
  custom:video-decoder-ogg-theora: a1e56fd34408186e4bbccfd4996cb3dc -> 
  custom:container-muxer-webm: aa71ff27fc2769a1b78a27578f13a17b -> 
  custom:container-demuxer-webm: 4f35f7cbe854078d1ac9338744f61a02 -> 
  custom:video-encoder-webm-vp8: eb34c28f22e8b96e1ab97ce403110664 -> 
  custom:video-codec-MediaFoundation-h265: 746d11721c4dcdbdad8f713fa42b33f4 -> 
  custom:audio-encoder-webm-vorbis: bf7c407c2cedff20999df2af8eb42d56 -> 
  custom:framework-win-MediaFoundation: 216162199b28c13a410421893ffa2e32 -> 
  custom:container-demuxer-ogg: 62fdf1f143b41e24485cea50d1cbac27 -> 
  custom:video-decoder-webm-vp8: 9c59270c3fd7afecdb556c50c9e8de78 -> 
  custom:audio-decoder-ogg-vorbis: bf7c407c2cedff20999df2af8eb42d56 -> 
========================================================================
Received Import Request.
  Time since last request: 540354.441731 seconds.
  path: Assets/Resurses/PNG
  artifactKey: Guid(90c6f6fdcd859445584a923494a49098) Importer(815301076,1909f56bfc062723c751e8b465ee728b)
Start importing Assets/Resurses/PNG using Guid(90c6f6fdcd859445584a923494a49098) Importer(815301076,1909f56bfc062723c751e8b465ee728b)  -> (artifact id: 'd897544bd5efe760c7da14f31b8ac6fb') in 0.005701 seconds 
========================================================================
Received Import Request.
  Time since last request: 0.000024 seconds.
  path: Assets/Resurses/Canvas.prefab
  artifactKey: Guid(2c5ae31b103d2d2409fb5c89aabf3c56) Importer(815301076,1909f56bfc062723c751e8b465ee728b)
Start importing Assets/Resurses/Canvas.prefab using Guid(2c5ae31b103d2d2409fb5c89aabf3c56) Importer(815301076,1909f56bfc062723c751e8b465ee728b)  -> (artifact id: 'f5010807cdecae34d776064e1a85d9bd') in 0.105037 seconds 
========================================================================
Received Import Request.
  Time since last request: 204.015427 seconds.
  path: Assets/Resurses/Fonts & Materials/LiberationSans SDF - Fallback.asset
  artifactKey: Guid(2e498d1c8094910479dc3e1b768306a4) Importer(815301076,1909f56bfc062723c751e8b465ee728b)
Start importing Assets/Resurses/Fonts & Materials/LiberationSans SDF - Fallback.asset using Guid(2e498d1c8094910479dc3e1b768306a4) Importer(815301076,1909f56bfc062723c751e8b465ee728b)  -> (artifact id: '2084f75210404bb41c58f5b591ad6eac') in 0.133125 seconds 
========================================================================
Received Import Request.
  Time since last request: 0.000022 seconds.
  path: Assets/Resurses/Fonts & Materials/LiberationSans SDF - Outline.mat
  artifactKey: Guid(79459efec17a4d00a321bdcc27bbc385) Importer(815301076,1909f56bfc062723c751e8b465ee728b)
Start importing Assets/Resurses/Fonts & Materials/LiberationSans SDF - Outline.mat using Guid(79459efec17a4d00a321bdcc27bbc385) Importer(815301076,1909f56bfc062723c751e8b465ee728b)  -> (artifact id: 'b8ecf6111c8a09e0fa05b22b566c5643') in 0.088339 seconds 
========================================================================
Received Import Request.
  Time since last request: 39.534982 seconds.
  path: Assets/Resurses/GUI Kit Casual Game/ResourcesData/Sprite/Character_Passive/ability_icon_defense.png
  artifactKey: Guid(b3d8dbe835c404179842f9f9595f2bf0) Importer(815301076,1909f56bfc062723c751e8b465ee728b)
Start importing Assets/Resurses/GUI Kit Casual Game/ResourcesData/Sprite/Character_Passive/ability_icon_defense.png using Guid(b3d8dbe835c404179842f9f9595f2bf0) Importer(815301076,1909f56bfc062723c751e8b465ee728b)  -> (artifact id: '91a2774d9592a75ff42717bded93ee65') in 0.031284 seconds 
========================================================================
Received Import Request.
  Time since last request: 0.000032 seconds.
  path: Assets/Resurses/GUI Kit Casual Game/Prefabs/UI_Play/Enemy_Info.prefab
  artifactKey: Guid(ffb3b966182874ce8aeea64e84818ed1) Importer(815301076,1909f56bfc062723c751e8b465ee728b)
Start importing Assets/Resurses/GUI Kit Casual Game/Prefabs/UI_Play/Enemy_Info.prefab using Guid(ffb3b966182874ce8aeea64e84818ed1) Importer(815301076,1909f56bfc062723c751e8b465ee728b)  -> (artifact id: 'a0488156f28e5cf061c3c3316afbd1e2') in 0.030122 seconds 
========================================================================
Received Import Request.
  Time since last request: 0.000030 seconds.
  path: Assets/Resurses/GUI Kit Casual Game/ResourcesData/Sprite/Character_List_Select/character_list_frame_blue.png
  artifactKey: Guid(91d37967864564f818aaf9326fcf0302) Importer(815301076,1909f56bfc062723c751e8b465ee728b)
Start importing Assets/Resurses/GUI Kit Casual Game/ResourcesData/Sprite/Character_List_Select/character_list_frame_blue.png using Guid(91d37967864564f818aaf9326fcf0302) Importer(815301076,1909f56bfc062723c751e8b465ee728b)  -> (artifact id: 'c609a1bdf83f2147d0f5a660e80818da') in 0.015143 seconds 
========================================================================
Received Import Request.
  Time since last request: 0.000042 seconds.
  path: Assets/Resurses/GUI Kit Casual Game/ResourcesData/Sprite/Equipment_Inventory/equip_frame.png
  artifactKey: Guid(ccca3a10c39d04c6c9a0e6a35e048bbb) Importer(815301076,1909f56bfc062723c751e8b465ee728b)
Start importing Assets/Resurses/GUI Kit Casual Game/ResourcesData/Sprite/Equipment_Inventory/equip_frame.png using Guid(ccca3a10c39d04c6c9a0e6a35e048bbb) Importer(815301076,1909f56bfc062723c751e8b465ee728b)  -> (artifact id: 'b89802e1a30b607a8b7566e3837ef9c1') in 0.014134 seconds 
========================================================================
Received Import Request.
  Time since last request: 0.000024 seconds.
  path: Assets/Resurses/GUI Kit Casual Game/ResourcesData/Sprite/Common/common_tab_focus.png
  artifactKey: Guid(9f6ca5b28b1e34e2d8d7e51015e1a6f9) Importer(815301076,1909f56bfc062723c751e8b465ee728b)
Start importing Assets/Resurses/GUI Kit Casual Game/ResourcesData/Sprite/Common/common_tab_focus.png using Guid(9f6ca5b28b1e34e2d8d7e51015e1a6f9) Importer(815301076,1909f56bfc062723c751e8b465ee728b)  -> (artifact id: '653643eba741f4e8f1e88512befc540a') in 0.013727 seconds 
========================================================================
Received Import Request.
  Time since last request: 0.000028 seconds.
  path: Assets/Resurses/GUI Kit Casual Game/ResourcesData/Sprite/Common/checkbox_off.png
  artifactKey: Guid(aa09dddc7c5f24d0983e3a6958f80a1c) Importer(815301076,1909f56bfc062723c751e8b465ee728b)
Start importing Assets/Resurses/GUI Kit Casual Game/ResourcesData/Sprite/Common/checkbox_off.png using Guid(aa09dddc7c5f24d0983e3a6958f80a1c) Importer(815301076,1909f56bfc062723c751e8b465ee728b)  -> (artifact id: 'e88cba63fcf21f8e44a4c35d36eeae55') in 0.010933 seconds 
========================================================================
Received Import Request.
  Time since last request: 0.000034 seconds.
  path: Assets/Resurses/UI Kit Pro - Casual Glossy/Images/Panels/complete_FailedSkull.png
  artifactKey: Guid(8a86569abdf3a478a97d68270b983e0f) Importer(815301076,1909f56bfc062723c751e8b465ee728b)
Start importing Assets/Resurses/UI Kit Pro - Casual Glossy/Images/Panels/complete_FailedSkull.png using Guid(8a86569abdf3a478a97d68270b983e0f) Importer(815301076,1909f56bfc062723c751e8b465ee728b)  -> (artifact id: '8ab3d0777f5124f7701fe22ed206978f') in 0.037582 seconds 
========================================================================
Received Import Request.
  Time since last request: 0.000022 seconds.
  path: Assets/Resurses/GUI Kit Casual Game/ResourcesData/Sprite/Clan/clan_frame.png
  artifactKey: Guid(93e41e0b9f6ac4539a805762c0faae78) Importer(815301076,1909f56bfc062723c751e8b465ee728b)
Start importing Assets/Resurses/GUI Kit Casual Game/ResourcesData/Sprite/Clan/clan_frame.png using Guid(93e41e0b9f6ac4539a805762c0faae78) Importer(815301076,1909f56bfc062723c751e8b465ee728b)  -> (artifact id: '4d9729072f86b2d7ad9a03d6208a72bb') in 0.019052 seconds 
========================================================================
Received Import Request.
  Time since last request: 0.000021 seconds.
  path: Assets/Resurses/GUI Kit Casual Game/ResourcesData/Sprite/LockScreen/_backup/device_stat_info_bg.png
  artifactKey: Guid(09341d2b46873401da535980ff5f7153) Importer(815301076,1909f56bfc062723c751e8b465ee728b)
Start importing Assets/Resurses/GUI Kit Casual Game/ResourcesData/Sprite/LockScreen/_backup/device_stat_info_bg.png using Guid(09341d2b46873401da535980ff5f7153) Importer(815301076,1909f56bfc062723c751e8b465ee728b)  -> (artifact id: 'aad053f81ebf5b83ef6529230bc9ce78') in 0.016235 seconds 
========================================================================
Received Import Request.
  Time since last request: 0.000025 seconds.
  path: Assets/Resurses/GUI Kit Casual Game/ResourcesData/Sprite/Clan/clan_info_divide_line.png
  artifactKey: Guid(d1189dc81467841748594f779bb37822) Importer(815301076,1909f56bfc062723c751e8b465ee728b)
Start importing Assets/Resurses/GUI Kit Casual Game/ResourcesData/Sprite/Clan/clan_info_divide_line.png using Guid(d1189dc81467841748594f779bb37822) Importer(815301076,1909f56bfc062723c751e8b465ee728b)  -> (artifact id: 'f71f743b2f40ab3323a72df4b62b7b03') in 0.032390 seconds 
========================================================================
Received Import Request.
  Time since last request: 0.000029 seconds.
  path: Assets/Resurses/GUI Kit Casual Game/Extensions/TextMesh Pro/Resources/Style Sheets/Default Style Sheet.asset
  artifactKey: Guid(f952c082cb03451daed3ee968ac6c63e) Importer(815301076,1909f56bfc062723c751e8b465ee728b)
Start importing Assets/Resurses/GUI Kit Casual Game/Extensions/TextMesh Pro/Resources/Style Sheets/Default Style Sheet.asset using Guid(f952c082cb03451daed3ee968ac6c63e) Importer(815301076,1909f56bfc062723c751e8b465ee728b)  -> (artifact id: '1b24171538fb9a08cfb6b64c6d3ba0ce') in 0.002434 seconds 
========================================================================
Received Import Request.
  Time since last request: 0.000027 seconds.
  path: Assets/Resurses/GUI Kit Casual Game/ResourcesData/Sprite/Character_List_Select/character_select_frame_focus.png
  artifactKey: Guid(a62b74cf5e0d843df92213d37c22e0bd) Importer(815301076,1909f56bfc062723c751e8b465ee728b)
Start importing Assets/Resurses/GUI Kit Casual Game/ResourcesData/Sprite/Character_List_Select/character_select_frame_focus.png using Guid(a62b74cf5e0d843df92213d37c22e0bd) Importer(815301076,1909f56bfc062723c751e8b465ee728b)  -> (artifact id: '59af40c84c8108b8f49cdfb19035fac3') in 0.016574 seconds 
========================================================================
Received Import Request.
  Time since last request: 0.000031 seconds.
  path: Assets/Resurses/GUI Kit Casual Game/ResourcesData/Sprite/Clan/clan_info_bg.png
  artifactKey: Guid(0357d37ff2ce1443485aa680e89d82f0) Importer(815301076,1909f56bfc062723c751e8b465ee728b)
Start importing Assets/Resurses/GUI Kit Casual Game/ResourcesData/Sprite/Clan/clan_info_bg.png using Guid(0357d37ff2ce1443485aa680e89d82f0) Importer(815301076,1909f56bfc062723c751e8b465ee728b)  -> (artifact id: '0375cd0f8bb8e81389750ba3ce2a617d') in 0.018112 seconds 
========================================================================
Received Import Request.
  Time since last request: 0.000042 seconds.
  path: Assets/Resurses/GUI Kit Casual Game/ResourcesData/Sprite/Clan/clan_list_focus.png
  artifactKey: Guid(11682c1eab384411d9d22f54d5e646a7) Importer(815301076,1909f56bfc062723c751e8b465ee728b)
Start importing Assets/Resurses/GUI Kit Casual Game/ResourcesData/Sprite/Clan/clan_list_focus.png using Guid(11682c1eab384411d9d22f54d5e646a7) Importer(815301076,1909f56bfc062723c751e8b465ee728b)  -> (artifact id: '270859fe6c90c487b6b8e1072fc85228') in 0.014751 seconds 
========================================================================
Received Import Request.
  Time since last request: 0.000060 seconds.
  path: Assets/Resurses/GUI Kit Casual Game/ResourcesData/Sprite/Character_List_Select/character_select_frame.png
  artifactKey: Guid(bf43c98c56e3149d1adbf4d58a059820) Importer(815301076,1909f56bfc062723c751e8b465ee728b)
Start importing Assets/Resurses/GUI Kit Casual Game/ResourcesData/Sprite/Character_List_Select/character_select_frame.png using Guid(bf43c98c56e3149d1adbf4d58a059820) Importer(815301076,1909f56bfc062723c751e8b465ee728b)  -> (artifact id: 'c1fa0a1ad9bc35e9b07aa2851f7e491f') in 0.014124 seconds 
========================================================================
Received Import Request.
  Time since last request: 0.000027 seconds.
  path: Assets/Resurses/GUI Kit Casual Game/ResourcesData/Sprite/Equipment_Inventory/equip_frame_lock.png
  artifactKey: Guid(79be0ebb2700b48e7a8792238a8934ef) Importer(815301076,1909f56bfc062723c751e8b465ee728b)
Start importing Assets/Resurses/GUI Kit Casual Game/ResourcesData/Sprite/Equipment_Inventory/equip_frame_lock.png using Guid(79be0ebb2700b48e7a8792238a8934ef) Importer(815301076,1909f56bfc062723c751e8b465ee728b)  -> (artifact id: 'a7366ffc73cfe1005ef9a0e92a6b69c3') in 0.012826 seconds 
========================================================================
Received Import Request.
  Time since last request: 0.000023 seconds.
  path: Assets/Resurses/GUI Kit Casual Game/Prefabs/UI_CommonUI/Button_Info.prefab
  artifactKey: Guid(1a6d659cbe5e84793b03560a9f0dd458) Importer(815301076,1909f56bfc062723c751e8b465ee728b)
Start importing Assets/Resurses/GUI Kit Casual Game/Prefabs/UI_CommonUI/Button_Info.prefab using Guid(1a6d659cbe5e84793b03560a9f0dd458) Importer(815301076,1909f56bfc062723c751e8b465ee728b)  -> (artifact id: '89165a2a4288c449ce274141b5cdcf4b') in 0.005115 seconds 
========================================================================
Received Import Request.
  Time since last request: 0.000026 seconds.
  path: Assets/Resurses/UI Kit Pro - Casual Glossy/Prefabs/Shop & Gifts/Coin Pack Free.prefab
  artifactKey: Guid(f8e45d6bf284042f2b34486cae0d4d42) Importer(815301076,1909f56bfc062723c751e8b465ee728b)
Start importing Assets/Resurses/UI Kit Pro - Casual Glossy/Prefabs/Shop & Gifts/Coin Pack Free.prefab using Guid(f8e45d6bf284042f2b34486cae0d4d42) Importer(815301076,1909f56bfc062723c751e8b465ee728b)  -> (artifact id: 'ed7274ec64d447d9d7b3d5bbc2905324') in 0.017000 seconds 
========================================================================
Received Import Request.
  Time since last request: 0.000024 seconds.
  path: Assets/Resurses/GUI Kit Casual Game/ResourcesData/Sprite/Character_List_Select/character_list_frame_dim.png
  artifactKey: Guid(b56197178539f48009c713d5b5d04a81) Importer(815301076,1909f56bfc062723c751e8b465ee728b)
Start importing Assets/Resurses/GUI Kit Casual Game/ResourcesData/Sprite/Character_List_Select/character_list_frame_dim.png using Guid(b56197178539f48009c713d5b5d04a81) Importer(815301076,1909f56bfc062723c751e8b465ee728b)  -> (artifact id: 'b1f50a370d5d537ce2069116af90b80b') in 0.017500 seconds 
========================================================================
Received Import Request.
  Time since last request: 0.000037 seconds.
  path: Assets/Resurses/GUI Kit Casual Game/ResourcesData/Sprite/Character_List_Select/character_list_frame_green.png
  artifactKey: Guid(08be456a6ddbf458784cf3a37e52822f) Importer(815301076,1909f56bfc062723c751e8b465ee728b)
Start importing Assets/Resurses/GUI Kit Casual Game/ResourcesData/Sprite/Character_List_Select/character_list_frame_green.png using Guid(08be456a6ddbf458784cf3a37e52822f) Importer(815301076,1909f56bfc062723c751e8b465ee728b)  -> (artifact id: '909193c62a15e37d54091d779d0d1602') in 0.012087 seconds 
========================================================================
Received Import Request.
  Time since last request: 0.013860 seconds.
  path: Assets/Resurses/SimpleUI/Simple UI/Fonts/FredokaOne-Regular.ttf
  artifactKey: Guid(4506bf6ca285b494ab0993e12703d5e6) Importer(815301076,1909f56bfc062723c751e8b465ee728b)
Start importing Assets/Resurses/SimpleUI/Simple UI/Fonts/FredokaOne-Regular.ttf using Guid(4506bf6ca285b494ab0993e12703d5e6) Importer(815301076,1909f56bfc062723c751e8b465ee728b)  -> (artifact id: '53d22062d849a4a03dc455da9a60785a') in 0.018140 seconds 
========================================================================
Received Import Request.
  Time since last request: 0.000045 seconds.
  path: Assets/Resurses/GUI Kit Casual Game/ResourcesData/Sprite/Equipment_Inventory/inventory_detail_info_shadow.png
  artifactKey: Guid(a9d4037850bca4a68b07520beb81e80a) Importer(815301076,1909f56bfc062723c751e8b465ee728b)
Start importing Assets/Resurses/GUI Kit Casual Game/ResourcesData/Sprite/Equipment_Inventory/inventory_detail_info_shadow.png using Guid(a9d4037850bca4a68b07520beb81e80a) Importer(815301076,1909f56bfc062723c751e8b465ee728b)  -> (artifact id: 'e02e0a157610ecdadf3c09bece1649a8') in 0.031598 seconds 
========================================================================
Received Import Request.
  Time since last request: 0.000031 seconds.
  path: Assets/Resurses/GUI Kit Casual Game/ResourcesData/Sprite/Play/joystick_move_focus_br.png
  artifactKey: Guid(09ed1672757ad4aac83aebffa222f688) Importer(815301076,1909f56bfc062723c751e8b465ee728b)
Start importing Assets/Resurses/GUI Kit Casual Game/ResourcesData/Sprite/Play/joystick_move_focus_br.png using Guid(09ed1672757ad4aac83aebffa222f688) Importer(815301076,1909f56bfc062723c751e8b465ee728b)  -> (artifact id: '4ffd94df219f5b2484746c7b9258755e') in 0.018119 seconds 
========================================================================
Received Import Request.
  Time since last request: 0.000042 seconds.
  path: Assets/Resurses/GUI Kit Casual Game/ResourcesData/Sprite/Play/play_bg_forest_dark.png
  artifactKey: Guid(03f0513cf9924497c8eb042e999d16dd) Importer(815301076,1909f56bfc062723c751e8b465ee728b)
Start importing Assets/Resurses/GUI Kit Casual Game/ResourcesData/Sprite/Play/play_bg_forest_dark.png using Guid(03f0513cf9924497c8eb042e999d16dd) Importer(815301076,1909f56bfc062723c751e8b465ee728b)  -> (artifact id: '9e4ea3f8dc676f30af4d4bea471e3852') in 0.002189 seconds 
========================================================================
Received Import Request.
  Time since last request: 0.000032 seconds.
  path: Assets/Resurses/GUI Kit Casual Game/ResourcesData/Sprite/Play/play_hp_info_bg.png
  artifactKey: Guid(ec3859de72a8c42bcaf1df54a25b2179) Importer(815301076,1909f56bfc062723c751e8b465ee728b)
Start importing Assets/Resurses/GUI Kit Casual Game/ResourcesData/Sprite/Play/play_hp_info_bg.png using Guid(ec3859de72a8c42bcaf1df54a25b2179) Importer(815301076,1909f56bfc062723c751e8b465ee728b)  -> (artifact id: 'ff7b5ee447f22754c4c59e392906cb4d') in 0.017286 seconds 
========================================================================
Received Import Request.
  Time since last request: 0.000048 seconds.
  path: Assets/Resurses/GUI Kit Casual Game/ResourcesData/Sprite/Play/joystick_move_focus_bl.png
  artifactKey: Guid(0b3aa772fd8124104b4b2d61e3b0a707) Importer(815301076,1909f56bfc062723c751e8b465ee728b)
Start importing Assets/Resurses/GUI Kit Casual Game/ResourcesData/Sprite/Play/joystick_move_focus_bl.png using Guid(0b3aa772fd8124104b4b2d61e3b0a707) Importer(815301076,1909f56bfc062723c751e8b465ee728b)  -> (artifact id: '6f6ccf6e2e0e079058f96c7f163a0a44') in 0.016206 seconds 
========================================================================
Received Import Request.
  Time since last request: 0.000031 seconds.
  path: Assets/Resurses/GUI Kit Casual Game/ResourcesData/Sprite/Lobby_UserInfo.spriteatlas
  artifactKey: Guid(8536b11342d984deaa75ca63f80066f7) Importer(815301076,1909f56bfc062723c751e8b465ee728b)
Start importing Assets/Resurses/GUI Kit Casual Game/ResourcesData/Sprite/Lobby_UserInfo.spriteatlas using Guid(8536b11342d984deaa75ca63f80066f7) Importer(815301076,1909f56bfc062723c751e8b465ee728b)  -> (artifact id: 'f7f66a4142f6b13377c1fc967033ada3') in 0.006319 seconds 
========================================================================
Received Import Request.
  Time since last request: 0.000021 seconds.
  path: Assets/Resurses/UI Kit Pro - Casual Glossy/Images/Icons/iconShade_Forward.png
  artifactKey: Guid(0e981bd71b1284578bdde8b961ae922a) Importer(815301076,1909f56bfc062723c751e8b465ee728b)
Start importing Assets/Resurses/UI Kit Pro - Casual Glossy/Images/Icons/iconShade_Forward.png using Guid(0e981bd71b1284578bdde8b961ae922a) Importer(815301076,1909f56bfc062723c751e8b465ee728b)  -> (artifact id: '7883d329ec02eb6cb4ee04838685f4ed') in 0.013080 seconds 
========================================================================
Received Import Request.
  Time since last request: 0.000029 seconds.
  path: Assets/Resurses/GUI Kit Casual Game/ResourcesData/Sprite/Mission/mission_info_bg.png
  artifactKey: Guid(f7c5d8e142c9f4c7592b2bb7d4d18ad5) Importer(815301076,1909f56bfc062723c751e8b465ee728b)
Start importing Assets/Resurses/GUI Kit Casual Game/ResourcesData/Sprite/Mission/mission_info_bg.png using Guid(f7c5d8e142c9f4c7592b2bb7d4d18ad5) Importer(815301076,1909f56bfc062723c751e8b465ee728b)  -> (artifact id: 'ea85f151a796a78434a49398e2b20c37') in 0.032840 seconds 
========================================================================
Received Import Request.
  Time since last request: 0.000033 seconds.
  path: Assets/Resurses/GUI Kit Casual Game/ResourcesData/Sprite/Play/joystick_move_focus_tr.png
  artifactKey: Guid(2aead31a239f847a1b6b3da019cf2a2c) Importer(815301076,1909f56bfc062723c751e8b465ee728b)
Start importing Assets/Resurses/GUI Kit Casual Game/ResourcesData/Sprite/Play/joystick_move_focus_tr.png using Guid(2aead31a239f847a1b6b3da019cf2a2c) Importer(815301076,1909f56bfc062723c751e8b465ee728b)  -> (artifact id: '1b3a0e1c142842fcbf8b06994ec82cc7') in 0.015324 seconds 
========================================================================
Received Import Request.
  Time since last request: 11.228276 seconds.
  path: Assets/Resurses/GUI Kit Casual Game/ResourcesData/Fonts/LilitaOne-Regular Outline 40 SDF Atlas.png
  artifactKey: Guid(aa9fdc7ac23d342798922793111065d0) Importer(815301076,1909f56bfc062723c751e8b465ee728b)
Start importing Assets/Resurses/GUI Kit Casual Game/ResourcesData/Fonts/LilitaOne-Regular Outline 40 SDF Atlas.png using Guid(aa9fdc7ac23d342798922793111065d0) Importer(815301076,1909f56bfc062723c751e8b465ee728b)  -> (artifact id: '02d7795a62a2743789f4c6614ba2ac19') in 0.028602 seconds 
========================================================================
Received Import Request.
  Time since last request: 0.000029 seconds.
  path: Assets/Resurses/GUI Kit Casual Game/ResourcesData/Fonts/LilitaOne-Regular Outline_Extended ASCII_32 SDF.asset
  artifactKey: Guid(1bdbbd43a253d47f99f853e49dce8edc) Importer(815301076,1909f56bfc062723c751e8b465ee728b)
Start importing Assets/Resurses/GUI Kit Casual Game/ResourcesData/Fonts/LilitaOne-Regular Outline_Extended ASCII_32 SDF.asset using Guid(1bdbbd43a253d47f99f853e49dce8edc) Importer(815301076,1909f56bfc062723c751e8b465ee728b)  -> (artifact id: '5bdf085e620ceb66ab77c885432dbfc3') in 0.032930 seconds 
========================================================================
Received Import Request.
  Time since last request: 0.000024 seconds.
  path: Assets/Resurses/GUI Kit Casual Game/ResourcesData/Fonts/LilitaOne-Regular Outline 210 SDF.asset
  artifactKey: Guid(e21d9fa883341484f8393b51730ca170) Importer(815301076,1909f56bfc062723c751e8b465ee728b)
Start importing Assets/Resurses/GUI Kit Casual Game/ResourcesData/Fonts/LilitaOne-Regular Outline 210 SDF.asset using Guid(e21d9fa883341484f8393b51730ca170) Importer(815301076,1909f56bfc062723c751e8b465ee728b)  -> (artifact id: 'd3eda9890ed9e954ec8c44df75c70415') in 0.096291 seconds 
========================================================================
Received Import Request.
  Time since last request: 0.000049 seconds.
  path: Assets/Resurses/GUI Kit Casual Game/ResourcesData/Fonts/LilitaOne-Regular Outline_Extended ASCII_210 SDF Atlas.png
  artifactKey: Guid(c0ea2ae774e27444a8284898f02e41a8) Importer(815301076,1909f56bfc062723c751e8b465ee728b)
Start importing Assets/Resurses/GUI Kit Casual Game/ResourcesData/Fonts/LilitaOne-Regular Outline_Extended ASCII_210 SDF Atlas.png using Guid(c0ea2ae774e27444a8284898f02e41a8) Importer(815301076,1909f56bfc062723c751e8b465ee728b)  -> (artifact id: '94285748086fbb86f23fdb900dbbe629') in 0.196530 seconds 
========================================================================
Received Import Request.
  Time since last request: 0.000033 seconds.
  path: Assets/Resurses/GUI Kit Casual Game/ResourcesData/Fonts/LilitaOne-Regular Outline_Extended ASCII_40 SDF.asset
  artifactKey: Guid(9844632d790894e85a0b85fdefbfe1e5) Importer(815301076,1909f56bfc062723c751e8b465ee728b)
Start importing Assets/Resurses/GUI Kit Casual Game/ResourcesData/Fonts/LilitaOne-Regular Outline_Extended ASCII_40 SDF.asset using Guid(9844632d790894e85a0b85fdefbfe1e5) Importer(815301076,1909f56bfc062723c751e8b465ee728b)  -> (artifact id: 'da6e87b13127f86599ae3d1f5ce812c8') in 0.026775 seconds 
========================================================================
Received Import Request.
  Time since last request: 0.000025 seconds.
  path: Assets/Resurses/GUI Kit Casual Game/ResourcesData/Fonts/LilitaOne-Regular Outline 64 SDF Atlas.png
  artifactKey: Guid(542168a59ebb940cc91d3c3ec1325445) Importer(815301076,1909f56bfc062723c751e8b465ee728b)
Start importing Assets/Resurses/GUI Kit Casual Game/ResourcesData/Fonts/LilitaOne-Regular Outline 64 SDF Atlas.png using Guid(542168a59ebb940cc91d3c3ec1325445) Importer(815301076,1909f56bfc062723c751e8b465ee728b)  -> (artifact id: '5913524b89ca6d528aecab146a1c40cc') in 0.069275 seconds 
========================================================================
Received Import Request.
  Time since last request: 0.000032 seconds.
  path: Assets/Resurses/GUI Kit Casual Game/ResourcesData/Fonts/LilitaOne-Regular Outline 54 SDF Atlas.png
  artifactKey: Guid(35891abd43bca4b8dbaff570b5c0c53d) Importer(815301076,1909f56bfc062723c751e8b465ee728b)
Start importing Assets/Resurses/GUI Kit Casual Game/ResourcesData/Fonts/LilitaOne-Regular Outline 54 SDF Atlas.png using Guid(35891abd43bca4b8dbaff570b5c0c53d) Importer(815301076,1909f56bfc062723c751e8b465ee728b)  -> (artifact id: 'c7d92ba37ff085b8017c3ea2761a8299') in 0.065330 seconds 
========================================================================
Received Import Request.
  Time since last request: 0.000030 seconds.
  path: Assets/Resurses/GUI Kit Casual Game/ResourcesData/Fonts/LilitaOne-Regular Outline_Extended ASCII_54 SDF Atlas.png
  artifactKey: Guid(dd36f1e4d1d8145d4ae67ed98e44ce90) Importer(815301076,1909f56bfc062723c751e8b465ee728b)
Start importing Assets/Resurses/GUI Kit Casual Game/ResourcesData/Fonts/LilitaOne-Regular Outline_Extended ASCII_54 SDF Atlas.png using Guid(dd36f1e4d1d8145d4ae67ed98e44ce90) Importer(815301076,1909f56bfc062723c751e8b465ee728b)  -> (artifact id: 'cc7777dc293e2d105fa91f8acdafa8db') in 0.095081 seconds 
========================================================================
Received Import Request.
  Time since last request: 0.000034 seconds.
  path: Assets/Resurses/GUI Kit Casual Game/ResourcesData/Fonts/LilitaOne-Regular Outline 64 SDF.asset
  artifactKey: Guid(5c5ee151f9307453bad78be36b51a077) Importer(815301076,1909f56bfc062723c751e8b465ee728b)
Start importing Assets/Resurses/GUI Kit Casual Game/ResourcesData/Fonts/LilitaOne-Regular Outline 64 SDF.asset using Guid(5c5ee151f9307453bad78be36b51a077) Importer(815301076,1909f56bfc062723c751e8b465ee728b)  -> (artifact id: 'ab0c5f5056138d10bf2dace46a42fd72') in 0.039447 seconds 
========================================================================
Received Import Request.
  Time since last request: 0.000046 seconds.
  path: Assets/Resurses/GUI Kit Casual Game/ResourcesData/Fonts/LilitaOne-Regular Outline_Extended ASCII_32 SDF Atlas.png
  artifactKey: Guid(4b1d1d44f277248ae92feb4eb833a4d4) Importer(815301076,1909f56bfc062723c751e8b465ee728b)
Start importing Assets/Resurses/GUI Kit Casual Game/ResourcesData/Fonts/LilitaOne-Regular Outline_Extended ASCII_32 SDF Atlas.png using Guid(4b1d1d44f277248ae92feb4eb833a4d4) Importer(815301076,1909f56bfc062723c751e8b465ee728b)  -> (artifact id: 'e497a19bac0b3ec2ec7b8238aaa7a7ec') in 0.044803 seconds 
========================================================================
Received Import Request.
  Time since last request: 0.000037 seconds.
  path: Assets/Resurses/GUI Kit Casual Game/ResourcesData/Fonts/LilitaOne-Regular SDF.asset
  artifactKey: Guid(c1482dbce654844b9ba1c753cbea5d80) Importer(815301076,1909f56bfc062723c751e8b465ee728b)
Start importing Assets/Resurses/GUI Kit Casual Game/ResourcesData/Fonts/LilitaOne-Regular SDF.asset using Guid(c1482dbce654844b9ba1c753cbea5d80) Importer(815301076,1909f56bfc062723c751e8b465ee728b)  -> (artifact id: '62636a53730b49ee7fadd3f6e4b780bd') in 0.039683 seconds 
Editor requested this worker to shutdown with reason: Scaling down because of idle timeout
AssetImportWorker is now disconnected from the server
Process exiting
Exiting without the bug reporter. Application will terminate with return code 0