Using pre-set license
Built from '2021.3/staging' branch; Version is '2021.3.14f1 (eee1884e7226) revision 15655304'; Using compiler version '192829333'; Build Type 'Release'
OS: 'Windows 11  (10.0.22621) 64bit Professional' Language: 'ru' Physical Memory: 16198 MB
BatchMode: 1, IsHumanControllingUs: 0, StartBugReporterOnCrash: 0, Is64bit: 1, IsPro: 1

COMMAND LINE ARGUMENTS:
C:\Program Files\Unity\Hub\Editor\2021.3.14f1\Editor\Unity.exe
-adb2
-batchMode
-noUpm
-name
AssetImportWorker0
-projectPath
D:/UnityHub/TSDSYS/TSD
-logFile
Logs/AssetImportWorker0.log
-srvPort
49392
Successfully changed project path to: D:/UnityHub/TSDSYS/TSD
D:/UnityHub/TSDSYS/TSD
[UnityMemory] Configuration Parameters - Can be set up in boot.config
    "memorysetup-bucket-allocator-granularity=16"
    "memorysetup-bucket-allocator-bucket-count=8"
    "memorysetup-bucket-allocator-block-size=33554432"
    "memorysetup-bucket-allocator-block-count=8"
    "memorysetup-main-allocator-block-size=16777216"
    "memorysetup-thread-allocator-block-size=16777216"
    "memorysetup-gfx-main-allocator-block-size=16777216"
    "memorysetup-gfx-thread-allocator-block-size=16777216"
    "memorysetup-cache-allocator-block-size=4194304"
    "memorysetup-typetree-allocator-block-size=2097152"
    "memorysetup-profiler-bucket-allocator-granularity=16"
    "memorysetup-profiler-bucket-allocator-bucket-count=8"
    "memorysetup-profiler-bucket-allocator-block-size=33554432"
    "memorysetup-profiler-bucket-allocator-block-count=8"
    "memorysetup-profiler-allocator-block-size=16777216"
    "memorysetup-profiler-editor-allocator-block-size=1048576"
    "memorysetup-temp-allocator-size-main=16777216"
    "memorysetup-job-temp-allocator-block-size=2097152"
    "memorysetup-job-temp-allocator-block-size-background=1048576"
    "memorysetup-job-temp-allocator-reduction-small-platforms=262144"
    "memorysetup-temp-allocator-size-background-worker=32768"
    "memorysetup-temp-allocator-size-job-worker=262144"
    "memorysetup-temp-allocator-size-preload-manager=33554432"
    "memorysetup-temp-allocator-size-nav-mesh-worker=65536"
    "memorysetup-temp-allocator-size-audio-worker=65536"
    "memorysetup-temp-allocator-size-cloud-worker=32768"
    "memorysetup-temp-allocator-size-gi-baking-worker=262144"
    "memorysetup-temp-allocator-size-gfx=262144"
Refreshing native plugins compatible for Editor in 100.37 ms, found 3 plugins.
Preloading 0 native plugins for Editor in 0.00 ms.
Initialize engine version: 2021.3.14f1 (eee1884e7226)
[Subsystems] Discovering subsystems at path C:/Program Files/Unity/Hub/Editor/2021.3.14f1/Editor/Data/Resources/UnitySubsystems
[Subsystems] Discovering subsystems at path D:/UnityHub/TSDSYS/TSD/Assets
GfxDevice: creating device client; threaded=0; jobified=0
Direct3D:
    Version:  Direct3D 11.0 [level 11.1]
    Renderer: Intel(R) UHD Graphics 620 (ID=0x3ea0)
    Vendor:   Intel
    VRAM:     8099 MB
    Driver:   30.0.101.1338
Initialize mono
Mono path[0] = 'C:/Program Files/Unity/Hub/Editor/2021.3.14f1/Editor/Data/Managed'
Mono path[1] = 'C:/Program Files/Unity/Hub/Editor/2021.3.14f1/Editor/Data/MonoBleedingEdge/lib/mono/unityjit-win32'
Mono config path = 'C:/Program Files/Unity/Hub/Editor/2021.3.14f1/Editor/Data/MonoBleedingEdge/etc'
Using monoOptions --debugger-agent=transport=dt_socket,embedding=1,server=y,suspend=n,address=127.0.0.1:56608
Begin MonoManager ReloadAssembly
Registering precompiled unity dll's ...
Register platform support module: C:/Program Files/Unity/Hub/Editor/2021.3.14f1/Editor/Data/PlaybackEngines/WebGLSupport/UnityEditor.WebGL.Extensions.dll
Register platform support module: C:/Program Files/Unity/Hub/Editor/2021.3.14f1/Editor/Data/PlaybackEngines/AndroidPlayer/UnityEditor.Android.Extensions.dll
Register platform support module: C:/Program Files/Unity/Hub/Editor/2021.3.14f1/Editor/Data/PlaybackEngines/iOSSupport/UnityEditor.iOS.Extensions.dll
Register platform support module: C:/Program Files/Unity/Hub/Editor/2021.3.14f1/Editor/Data/PlaybackEngines/WindowsStandaloneSupport/UnityEditor.WindowsStandalone.Extensions.dll
Registered in 0.005873 seconds.
Native extension for WindowsStandalone target not found
[usbmuxd] Start listen thread
[usbmuxd] Listen thread started
Native extension for iOS target not found
Native extension for Android target not found
Native extension for WebGL target not found
Refreshing native plugins compatible for Editor in 117.42 ms, found 3 plugins.
Preloading 0 native plugins for Editor in 0.00 ms.
Mono: successfully reloaded assembly
- Completed reload, in  0.783 seconds
Domain Reload Profiling:
	ReloadAssembly (783ms)
		BeginReloadAssembly (71ms)
			ExecutionOrderSort (0ms)
			DisableScriptedObjects (0ms)
			BackupInstance (0ms)
			ReleaseScriptingObjects (0ms)
			CreateAndSetChildDomain (1ms)
		EndReloadAssembly (596ms)
			LoadAssemblies (70ms)
			RebuildTransferFunctionScriptingTraits (0ms)
			SetupTypeCache (132ms)
			ReleaseScriptCaches (0ms)
			RebuildScriptCaches (38ms)
			SetupLoadedEditorAssemblies (369ms)
				LogAssemblyErrors (0ms)
				InitializePlatformSupportModulesInManaged (78ms)
				SetLoadedEditorAssemblies (0ms)
				RefreshPlugins (117ms)
				BeforeProcessingInitializeOnLoad (2ms)
				ProcessInitializeOnLoadAttributes (114ms)
				ProcessInitializeOnLoadMethodAttributes (57ms)
				AfterProcessingInitializeOnLoad (0ms)
				EditorAssembliesLoaded (0ms)
			ExecutionOrderSort2 (0ms)
			AwakeInstancesAfterBackupRestoration (0ms)
Platform modules already initialized, skipping
Registering precompiled user dll's ...
Registered in 0.003054 seconds.
Begin MonoManager ReloadAssembly
Symbol file LoadedFromMemory doesn't match image D:\UnityHub\TSDSYS\TSD\Library\PackageCache\com.unity.visualscripting@1.7.8\Editor\VisualScripting.Core\Dependencies\YamlDotNet\Unity.VisualScripting.YamlDotNet.dll
Symbol file LoadedFromMemory doesn't match image D:\UnityHub\TSDSYS\TSD\Library\PackageCache\com.unity.visualscripting@1.7.8\Editor\VisualScripting.Core\Dependencies\DotNetZip\Unity.VisualScripting.IonicZip.dll
Native extension for WindowsStandalone target not found
Native extension for iOS target not found
Native extension for Android target not found
Native extension for WebGL target not found
Refreshing native plugins compatible for Editor in 0.73 ms, found 3 plugins.
Preloading 0 native plugins for Editor in 0.00 ms.
Mono: successfully reloaded assembly
- Completed reload, in  1.315 seconds
Domain Reload Profiling:
	ReloadAssembly (1316ms)
		BeginReloadAssembly (236ms)
			ExecutionOrderSort (0ms)
			DisableScriptedObjects (7ms)
			BackupInstance (0ms)
			ReleaseScriptingObjects (0ms)
			CreateAndSetChildDomain (137ms)
		EndReloadAssembly (960ms)
			LoadAssemblies (83ms)
			RebuildTransferFunctionScriptingTraits (0ms)
			SetupTypeCache (313ms)
			ReleaseScriptCaches (1ms)
			RebuildScriptCaches (85ms)
			SetupLoadedEditorAssemblies (432ms)
				LogAssemblyErrors (0ms)
				InitializePlatformSupportModulesInManaged (31ms)
				SetLoadedEditorAssemblies (0ms)
				RefreshPlugins (1ms)
				BeforeProcessingInitializeOnLoad (92ms)
				ProcessInitializeOnLoadAttributes (276ms)
				ProcessInitializeOnLoadMethodAttributes (26ms)
				AfterProcessingInitializeOnLoad (5ms)
				EditorAssembliesLoaded (0ms)
			ExecutionOrderSort2 (0ms)
			AwakeInstancesAfterBackupRestoration (6ms)
Platform modules already initialized, skipping
========================================================================
Worker process is ready to serve import requests
Failed to load shader (instanceID 396, GUID 9c442dc870b456e48b615cd8add0e9ef)
Failed to load shader (instanceID 398, GUID 493b79ea9c9be44ed8b702014d3ac49c)
Launched and connected shader compiler UnityShaderCompiler.exe after 0.04 seconds
Refreshing native plugins compatible for Editor in 0.79 ms, found 3 plugins.
Preloading 0 native plugins for Editor in 0.00 ms.
Unloading 3391 Unused Serialized files (Serialized files now loaded: 0)
Unloading 25 unused Assets / (56.1 KB). Loaded Objects now: 3853.
Memory consumption went from 120.8 MB to 120.7 MB.
Total: 3.803600 ms (FindLiveObjects: 0.314800 ms CreateObjectMapping: 0.253700 ms MarkObjects: 3.142700 ms  DeleteObjects: 0.091200 ms)

AssetImportParameters requested are different than current active one (requested -> active):
  custom:video-decoder-ogg-theora: a1e56fd34408186e4bbccfd4996cb3dc -> 
  custom:container-muxer-webm: aa71ff27fc2769a1b78a27578f13a17b -> 
  custom:container-demuxer-webm: 4f35f7cbe854078d1ac9338744f61a02 -> 
  custom:video-encoder-webm-vp8: eb34c28f22e8b96e1ab97ce403110664 -> 
  custom:video-codec-MediaFoundation-h265: 746d11721c4dcdbdad8f713fa42b33f4 -> 
  custom:audio-encoder-webm-vorbis: bf7c407c2cedff20999df2af8eb42d56 -> 
  custom:framework-win-MediaFoundation: 216162199b28c13a410421893ffa2e32 -> 
  custom:container-demuxer-ogg: 62fdf1f143b41e24485cea50d1cbac27 -> 
  custom:video-decoder-webm-vp8: 9c59270c3fd7afecdb556c50c9e8de78 -> 
  custom:audio-decoder-ogg-vorbis: bf7c407c2cedff20999df2af8eb42d56 -> 
========================================================================
Received Import Request.
  Time since last request: 540354.521025 seconds.
  path: Assets/Resurses/----- Dark Mode Background.prefab
  artifactKey: Guid(6f99605c918ae3840841137f76d275d3) Importer(815301076,1909f56bfc062723c751e8b465ee728b)
Start importing Assets/Resurses/----- Dark Mode Background.prefab using Guid(6f99605c918ae3840841137f76d275d3) Importer(815301076,1909f56bfc062723c751e8b465ee728b)  -> (artifact id: 'd4b1349bd9507c415aa299e51e0023ba') in 0.046583 seconds 
========================================================================
Received Import Request.
  Time since last request: 204.005105 seconds.
  path: Assets/Resurses/Fonts & Materials/LiberationSans SDF - Drop Shadow.mat
  artifactKey: Guid(e73a58f6e2794ae7b1b7e50b7fb811b0) Importer(815301076,1909f56bfc062723c751e8b465ee728b)
Start importing Assets/Resurses/Fonts & Materials/LiberationSans SDF - Drop Shadow.mat using Guid(e73a58f6e2794ae7b1b7e50b7fb811b0) Importer(815301076,1909f56bfc062723c751e8b465ee728b)  -> (artifact id: '29e2a04304d45c076f77a0547ff9656a') in 0.194179 seconds 
========================================================================
Received Import Request.
  Time since last request: 0.000031 seconds.
  path: Assets/Resurses/Fonts & Materials/LiberationSans SDF.asset
  artifactKey: Guid(8f586378b4e144a9851e7b34d9b748ee) Importer(815301076,1909f56bfc062723c751e8b465ee728b)
Start importing Assets/Resurses/Fonts & Materials/LiberationSans SDF.asset using Guid(8f586378b4e144a9851e7b34d9b748ee) Importer(815301076,1909f56bfc062723c751e8b465ee728b)  -> (artifact id: '93dfb657bdd3d94300c8d6c1217c0eb4') in 0.069615 seconds 
========================================================================
Received Import Request.
  Time since last request: 18.368551 seconds.
  path: Assets/Resurses/GUI Kit Casual Game/Extensions/TextMesh Pro
  artifactKey: Guid(f54d1bd14bd3ca042bd867b519fee8cc) Importer(815301076,1909f56bfc062723c751e8b465ee728b)
Start importing Assets/Resurses/GUI Kit Casual Game/Extensions/TextMesh Pro using Guid(f54d1bd14bd3ca042bd867b519fee8cc) Importer(815301076,1909f56bfc062723c751e8b465ee728b)  -> (artifact id: '6d457b26d2bc8024e58729449d46e968') in 0.001120 seconds 
========================================================================
Received Import Request.
  Time since last request: 1.098322 seconds.
  path: Assets/Resurses/GUI Kit Casual Game/Extensions/TextMesh Pro/Fonts
  artifactKey: Guid(6ab70aee4d56447429c680537fbf93ed) Importer(815301076,1909f56bfc062723c751e8b465ee728b)
Start importing Assets/Resurses/GUI Kit Casual Game/Extensions/TextMesh Pro/Fonts using Guid(6ab70aee4d56447429c680537fbf93ed) Importer(815301076,1909f56bfc062723c751e8b465ee728b)  -> (artifact id: '8cbcf11b9c0db8e93a500315a7744f16') in 0.001110 seconds 
========================================================================
Received Import Request.
  Time since last request: 0.045159 seconds.
  path: Assets/Resurses/GUI Kit Casual Game/Extensions/TextMesh Pro/Fonts/LiberationSans.ttf
  artifactKey: Guid(e3265ab4bf004d28a9537516768c1c75) Importer(815301076,1909f56bfc062723c751e8b465ee728b)
Start importing Assets/Resurses/GUI Kit Casual Game/Extensions/TextMesh Pro/Fonts/LiberationSans.ttf using Guid(e3265ab4bf004d28a9537516768c1c75) Importer(815301076,1909f56bfc062723c751e8b465ee728b)  -> (artifact id: '38bbc68a28c12c2090b6be4e15305be4') in 0.014675 seconds 
========================================================================
Received Import Request.
  Time since last request: 19.943574 seconds.
  path: Assets/Resurses/GUI Kit Casual Game/ResourcesData/Preview/_Common_FunctionIcon_.png
  artifactKey: Guid(b9dac4997e25a4ecb92a87f01852aa7f) Importer(815301076,1909f56bfc062723c751e8b465ee728b)
Start importing Assets/Resurses/GUI Kit Casual Game/ResourcesData/Preview/_Common_FunctionIcon_.png using Guid(b9dac4997e25a4ecb92a87f01852aa7f) Importer(815301076,1909f56bfc062723c751e8b465ee728b)  -> (artifact id: 'c7b5ccddb0a68f19578ecee672fed83d') in 0.005942 seconds 
========================================================================
Received Import Request.
  Time since last request: 0.000035 seconds.
  path: Assets/Resurses/GUI Kit Casual Game/ResourcesData/Sprite/Title/btn_icon_facebook.png
  artifactKey: Guid(51c315b1590e342f38373d56ef5123ea) Importer(815301076,1909f56bfc062723c751e8b465ee728b)
Start importing Assets/Resurses/GUI Kit Casual Game/ResourcesData/Sprite/Title/btn_icon_facebook.png using Guid(51c315b1590e342f38373d56ef5123ea) Importer(815301076,1909f56bfc062723c751e8b465ee728b)  -> (artifact id: 'eda51b0fc1f137002752399631337837') in 0.022821 seconds 
========================================================================
Received Import Request.
  Time since last request: 0.000029 seconds.
  path: Assets/Resurses/GUI Kit Casual Game/ResourcesData/Sprite/Character_List_Select/character_list_frame_orange.png
  artifactKey: Guid(284f99482071f47839549747513b612b) Importer(815301076,1909f56bfc062723c751e8b465ee728b)
Start importing Assets/Resurses/GUI Kit Casual Game/ResourcesData/Sprite/Character_List_Select/character_list_frame_orange.png using Guid(284f99482071f47839549747513b612b) Importer(815301076,1909f56bfc062723c751e8b465ee728b)  -> (artifact id: '9c913ce32ef32f03e62a6660d50c132c') in 0.015250 seconds 
========================================================================
Received Import Request.
  Time since last request: 0.000027 seconds.
  path: Assets/Resurses/GUI Kit Casual Game/ResourcesData/Sprite/Clan/_backup/clan_info_bg.png
  artifactKey: Guid(3e36b570a407647f18e279be6421bc72) Importer(815301076,1909f56bfc062723c751e8b465ee728b)
Start importing Assets/Resurses/GUI Kit Casual Game/ResourcesData/Sprite/Clan/_backup/clan_info_bg.png using Guid(3e36b570a407647f18e279be6421bc72) Importer(815301076,1909f56bfc062723c751e8b465ee728b)  -> (artifact id: 'dc3b2d636433244684a57f0ba9bbd145') in 0.019146 seconds 
========================================================================
Received Import Request.
  Time since last request: 0.000028 seconds.
  path: Assets/Resurses/UI Kit Pro - Casual Glossy/Prefabs/Buttons/Button Tab Flag Heart.prefab
  artifactKey: Guid(534d899747b014aa9a3c034681d518b4) Importer(815301076,1909f56bfc062723c751e8b465ee728b)
Start importing Assets/Resurses/UI Kit Pro - Casual Glossy/Prefabs/Buttons/Button Tab Flag Heart.prefab using Guid(534d899747b014aa9a3c034681d518b4) Importer(815301076,1909f56bfc062723c751e8b465ee728b)  -> (artifact id: '846ef00efada7419183f225478c229ce') in 0.011022 seconds 
========================================================================
Received Import Request.
  Time since last request: 0.000032 seconds.
  path: Assets/Resurses/UI Kit Pro - Casual Glossy/Prefabs/Buttons/Button Tab Flag Star.prefab
  artifactKey: Guid(d45f749bc3c134092a8c809be2f513f3) Importer(815301076,1909f56bfc062723c751e8b465ee728b)
Start importing Assets/Resurses/UI Kit Pro - Casual Glossy/Prefabs/Buttons/Button Tab Flag Star.prefab using Guid(d45f749bc3c134092a8c809be2f513f3) Importer(815301076,1909f56bfc062723c751e8b465ee728b)  -> (artifact id: '243f1ddfd867caaa3108afe20fc30a8f') in 0.006064 seconds 
========================================================================
Received Import Request.
  Time since last request: 0.000025 seconds.
  path: Assets/Resurses/UI Kit Pro - Casual Glossy/Prefabs/Buttons/Button Tab Flag Energy.prefab
  artifactKey: Guid(23dc171dd4c9a4d648c43bd8eec5c61b) Importer(815301076,1909f56bfc062723c751e8b465ee728b)
Start importing Assets/Resurses/UI Kit Pro - Casual Glossy/Prefabs/Buttons/Button Tab Flag Energy.prefab using Guid(23dc171dd4c9a4d648c43bd8eec5c61b) Importer(815301076,1909f56bfc062723c751e8b465ee728b)  -> (artifact id: '15c4fd3403c47d74e79d06a40fe0c0d7') in 0.008172 seconds 
========================================================================
Received Import Request.
  Time since last request: 0.000021 seconds.
  path: Assets/Resurses/UI Kit Pro - Casual Glossy/Prefabs/Buttons/Button Tab Flag Gem.prefab
  artifactKey: Guid(83f8e7e6fdff3457dae90985539d7bbf) Importer(815301076,1909f56bfc062723c751e8b465ee728b)
Start importing Assets/Resurses/UI Kit Pro - Casual Glossy/Prefabs/Buttons/Button Tab Flag Gem.prefab using Guid(83f8e7e6fdff3457dae90985539d7bbf) Importer(815301076,1909f56bfc062723c751e8b465ee728b)  -> (artifact id: '55dadeb706d1557c226a6b3d9f9cc2b7') in 0.006556 seconds 
========================================================================
Received Import Request.
  Time since last request: 0.000031 seconds.
  path: Assets/Resurses/UI Kit Pro - Casual Glossy/Prefabs/Buttons/Button Tab Flag Coin.prefab
  artifactKey: Guid(b109fda516a0e4346976b328438c55ab) Importer(815301076,1909f56bfc062723c751e8b465ee728b)
Start importing Assets/Resurses/UI Kit Pro - Casual Glossy/Prefabs/Buttons/Button Tab Flag Coin.prefab using Guid(b109fda516a0e4346976b328438c55ab) Importer(815301076,1909f56bfc062723c751e8b465ee728b)  -> (artifact id: 'ff1377aec68cf5e0c8178fc8637d7405') in 0.006392 seconds 
========================================================================
Received Import Request.
  Time since last request: 0.000029 seconds.
  path: Assets/Resurses/GUI Kit Casual Game/ResourcesData/Sprite/PopupSubscribe/back_effect.png
  artifactKey: Guid(2adcfbfe5db0e45f0abd58d13e6f6e40) Importer(815301076,1909f56bfc062723c751e8b465ee728b)
Start importing Assets/Resurses/GUI Kit Casual Game/ResourcesData/Sprite/PopupSubscribe/back_effect.png using Guid(2adcfbfe5db0e45f0abd58d13e6f6e40) Importer(815301076,1909f56bfc062723c751e8b465ee728b)  -> (artifact id: 'b99f716879cf55d9432cb94426bbfdd2') in 0.140851 seconds 
========================================================================
Received Import Request.
  Time since last request: 0.000022 seconds.
  path: Assets/Resurses/GUI Kit Casual Game/ResourcesData/Sprite/Clan/clan_frame_s.png
  artifactKey: Guid(23a7ada7b766e48bfa104de40abaa853) Importer(815301076,1909f56bfc062723c751e8b465ee728b)
Start importing Assets/Resurses/GUI Kit Casual Game/ResourcesData/Sprite/Clan/clan_frame_s.png using Guid(23a7ada7b766e48bfa104de40abaa853) Importer(815301076,1909f56bfc062723c751e8b465ee728b)  -> (artifact id: '3316b702b4f142478ef02597e0553149') in 0.014073 seconds 
========================================================================
Received Import Request.
  Time since last request: 0.000028 seconds.
  path: Assets/Resurses/GUI Kit Casual Game/ResourcesData/Sprite/Clan/clan_info_icon_member.png
  artifactKey: Guid(cdb1dd72cb0ea4961be65e38cc22918c) Importer(815301076,1909f56bfc062723c751e8b465ee728b)
Start importing Assets/Resurses/GUI Kit Casual Game/ResourcesData/Sprite/Clan/clan_info_icon_member.png using Guid(cdb1dd72cb0ea4961be65e38cc22918c) Importer(815301076,1909f56bfc062723c751e8b465ee728b)  -> (artifact id: '6c31ed94668ca4cd4cc536a8edaf96eb') in 0.018206 seconds 
========================================================================
Received Import Request.
  Time since last request: 0.000023 seconds.
  path: Assets/Resurses/GUI Kit Casual Game/ResourcesData/Sprite/LockScreen/device_stat_info_bg.png
  artifactKey: Guid(12fe54f7921e44ef186ed81a97b3755b) Importer(815301076,1909f56bfc062723c751e8b465ee728b)
Start importing Assets/Resurses/GUI Kit Casual Game/ResourcesData/Sprite/LockScreen/device_stat_info_bg.png using Guid(12fe54f7921e44ef186ed81a97b3755b) Importer(815301076,1909f56bfc062723c751e8b465ee728b)  -> (artifact id: 'f7912819154f5b5de9b983c39211c012') in 0.011160 seconds 
========================================================================
Received Import Request.
  Time since last request: 0.000053 seconds.
  path: Assets/Resurses/GUI Kit Casual Game/ResourcesData/Sprite/Character_List_Select/character_list_frame_purple.png
  artifactKey: Guid(072fc1e433b92438e915c6c10bfd2994) Importer(815301076,1909f56bfc062723c751e8b465ee728b)
Start importing Assets/Resurses/GUI Kit Casual Game/ResourcesData/Sprite/Character_List_Select/character_list_frame_purple.png using Guid(072fc1e433b92438e915c6c10bfd2994) Importer(815301076,1909f56bfc062723c751e8b465ee728b)  -> (artifact id: '1809c497790d4b4dd0bb782c7d0503f6') in 0.014056 seconds 
========================================================================
Received Import Request.
  Time since last request: 0.000041 seconds.
  path: Assets/Resurses/GUI Kit Casual Game/ResourcesData/Sprite/Clan/clan_info_icon_ranking.png
  artifactKey: Guid(9fba6a86432714d318be2f4983f49b79) Importer(815301076,1909f56bfc062723c751e8b465ee728b)
Start importing Assets/Resurses/GUI Kit Casual Game/ResourcesData/Sprite/Clan/clan_info_icon_ranking.png using Guid(9fba6a86432714d318be2f4983f49b79) Importer(815301076,1909f56bfc062723c751e8b465ee728b)  -> (artifact id: 'fadb7c7fd677c50e5340ba191837ec07') in 0.015703 seconds 
========================================================================
Received Import Request.
  Time since last request: 0.000024 seconds.
  path: Assets/Resurses/GUI Kit Casual Game/ResourcesData/Sprite/Common/common_info_btn.png
  artifactKey: Guid(6be115246fe9b40b8b37ad9f4e2be66a) Importer(815301076,1909f56bfc062723c751e8b465ee728b)
Start importing Assets/Resurses/GUI Kit Casual Game/ResourcesData/Sprite/Common/common_info_btn.png using Guid(6be115246fe9b40b8b37ad9f4e2be66a) Importer(815301076,1909f56bfc062723c751e8b465ee728b)  -> (artifact id: '86a9e765f4b5f37479c255fd0445236a') in 0.010371 seconds 
========================================================================
Received Import Request.
  Time since last request: 0.000023 seconds.
  path: Assets/Resurses/GUI Kit Casual Game/Prefabs/UI_Play/Character_Info.prefab
  artifactKey: Guid(90001393b5da84680aaf71d2a6c6013c) Importer(815301076,1909f56bfc062723c751e8b465ee728b)
Start importing Assets/Resurses/GUI Kit Casual Game/Prefabs/UI_Play/Character_Info.prefab using Guid(90001393b5da84680aaf71d2a6c6013c) Importer(815301076,1909f56bfc062723c751e8b465ee728b)  -> (artifact id: 'e91935bb658b220d45a468fb9731e0ea') in 0.057821 seconds 
========================================================================
Received Import Request.
  Time since last request: 0.007429 seconds.
  path: Assets/Resurses/GUI Kit Casual Game/ResourcesData/Sprite/Equipment_Inventory/focus.png
  artifactKey: Guid(d2b5b74e034bb4321ba792a6e4f81e27) Importer(815301076,1909f56bfc062723c751e8b465ee728b)
Start importing Assets/Resurses/GUI Kit Casual Game/ResourcesData/Sprite/Equipment_Inventory/focus.png using Guid(d2b5b74e034bb4321ba792a6e4f81e27) Importer(815301076,1909f56bfc062723c751e8b465ee728b)  -> (artifact id: 'c6c9529f329c635a793b60f7184b3bb7') in 0.014960 seconds 
========================================================================
Received Import Request.
  Time since last request: 0.000029 seconds.
  path: Assets/Resurses/UI Kit Pro - Casual Glossy/Images/Icons/iconRounded_Forward.png
  artifactKey: Guid(1101d1aac880e4a3ebfd0656e585cee8) Importer(815301076,1909f56bfc062723c751e8b465ee728b)
Start importing Assets/Resurses/UI Kit Pro - Casual Glossy/Images/Icons/iconRounded_Forward.png using Guid(1101d1aac880e4a3ebfd0656e585cee8) Importer(815301076,1909f56bfc062723c751e8b465ee728b)  -> (artifact id: 'e3a542c74bfece867cbaea8a43ce9bd5') in 0.016844 seconds 
========================================================================
Received Import Request.
  Time since last request: 0.000047 seconds.
  path: Assets/Resurses/GUI Kit Casual Game/ResourcesData/Sprite/Equipment_Inventory/inventory_info_bg.png
  artifactKey: Guid(5908892b8c8314bba9b29d850192f786) Importer(815301076,1909f56bfc062723c751e8b465ee728b)
Start importing Assets/Resurses/GUI Kit Casual Game/ResourcesData/Sprite/Equipment_Inventory/inventory_info_bg.png using Guid(5908892b8c8314bba9b29d850192f786) Importer(815301076,1909f56bfc062723c751e8b465ee728b)  -> (artifact id: 'd2f18583805c7053436f16044b7c3a1f') in 0.011607 seconds 
========================================================================
Received Import Request.
  Time since last request: 0.000027 seconds.
  path: Assets/Resurses/GUI Kit Casual Game/ResourcesData/Sprite/OfflineReward/info_bg_focus.png
  artifactKey: Guid(455d14777d4904404b4f056333d64766) Importer(815301076,1909f56bfc062723c751e8b465ee728b)
Start importing Assets/Resurses/GUI Kit Casual Game/ResourcesData/Sprite/OfflineReward/info_bg_focus.png using Guid(455d14777d4904404b4f056333d64766) Importer(815301076,1909f56bfc062723c751e8b465ee728b)  -> (artifact id: '6414d72fd02870b0690a4bbf69b25aa4') in 0.014844 seconds 
========================================================================
Received Import Request.
  Time since last request: 0.000032 seconds.
  path: Assets/Resurses/GUI Kit Casual Game/ResourcesData/Fonts/LilitaOne-Regular.ttf
  artifactKey: Guid(c16eb7d7c3953489db00312b8b09df4b) Importer(815301076,1909f56bfc062723c751e8b465ee728b)
Start importing Assets/Resurses/GUI Kit Casual Game/ResourcesData/Fonts/LilitaOne-Regular.ttf using Guid(c16eb7d7c3953489db00312b8b09df4b) Importer(815301076,1909f56bfc062723c751e8b465ee728b)  -> (artifact id: '24e15e232fa4b05edd7d649f55e3f205') in 0.020952 seconds 
========================================================================
Received Import Request.
  Time since last request: 0.000025 seconds.
  path: Assets/Resurses/GUI Kit Casual Game/ResourcesData/Sprite/PopupSubscribe/info_bg_purple.png
  artifactKey: Guid(75e3eed89f4c445c18126fbb6d66222e) Importer(815301076,1909f56bfc062723c751e8b465ee728b)
Start importing Assets/Resurses/GUI Kit Casual Game/ResourcesData/Sprite/PopupSubscribe/info_bg_purple.png using Guid(75e3eed89f4c445c18126fbb6d66222e) Importer(815301076,1909f56bfc062723c751e8b465ee728b)  -> (artifact id: '0c0609d06edd62c0431aa43f386a2cfc') in 0.012826 seconds 
========================================================================
Received Import Request.
  Time since last request: 0.000031 seconds.
  path: Assets/Resurses/GUI Kit Casual Game/ResourcesData/Preview/LobbyUserInfo.png
  artifactKey: Guid(622635552a9fd441b974668b04b934c9) Importer(815301076,1909f56bfc062723c751e8b465ee728b)
Start importing Assets/Resurses/GUI Kit Casual Game/ResourcesData/Preview/LobbyUserInfo.png using Guid(622635552a9fd441b974668b04b934c9) Importer(815301076,1909f56bfc062723c751e8b465ee728b)  -> (artifact id: '7538269dcfcc52928aa780fc4375688f') in 0.001398 seconds 
========================================================================
Received Import Request.
  Time since last request: 0.000024 seconds.
  path: Assets/Resurses/GUI Kit Casual Game/ResourcesData/Sprite/Equipment_Inventory/inventory_detail_info_bg.png
  artifactKey: Guid(7b6bed5126b974c5e8a38140a3812d06) Importer(815301076,1909f56bfc062723c751e8b465ee728b)
Start importing Assets/Resurses/GUI Kit Casual Game/ResourcesData/Sprite/Equipment_Inventory/inventory_detail_info_bg.png using Guid(7b6bed5126b974c5e8a38140a3812d06) Importer(815301076,1909f56bfc062723c751e8b465ee728b)  -> (artifact id: 'f66f21d2b39605ee37ca658c5e722932') in 0.019150 seconds 
========================================================================
Received Import Request.
  Time since last request: 0.000026 seconds.
  path: Assets/Resurses/GUI Kit Casual Game/ResourcesData/Sprite/Play/play_bg_forest.png
  artifactKey: Guid(2437969a2b17b41b0a10bef95252a284) Importer(815301076,1909f56bfc062723c751e8b465ee728b)
Start importing Assets/Resurses/GUI Kit Casual Game/ResourcesData/Sprite/Play/play_bg_forest.png using Guid(2437969a2b17b41b0a10bef95252a284) Importer(815301076,1909f56bfc062723c751e8b465ee728b)  -> (artifact id: '863a71548d3beddab1c3a4f258c4d5cf') in 0.000946 seconds 
========================================================================
Received Import Request.
  Time since last request: 0.000039 seconds.
  path: Assets/Resurses/GUI Kit Casual Game/ResourcesData/Sprite/Play/joystick_move_focus_tl.png
  artifactKey: Guid(11ddd84b82d82495dae402ac8828a6f0) Importer(815301076,1909f56bfc062723c751e8b465ee728b)
Start importing Assets/Resurses/GUI Kit Casual Game/ResourcesData/Sprite/Play/joystick_move_focus_tl.png using Guid(11ddd84b82d82495dae402ac8828a6f0) Importer(815301076,1909f56bfc062723c751e8b465ee728b)  -> (artifact id: 'bc7336da3f9f6828c756cea591deb37c') in 0.019313 seconds 
========================================================================
Received Import Request.
  Time since last request: 0.000031 seconds.
  path: Assets/Resurses/GUI Kit Casual Game/ResourcesData/Sprite/OfflineReward/info_bg.png
  artifactKey: Guid(52bb615b446bc43a2974460d87ecef3d) Importer(815301076,1909f56bfc062723c751e8b465ee728b)
Start importing Assets/Resurses/GUI Kit Casual Game/ResourcesData/Sprite/OfflineReward/info_bg.png using Guid(52bb615b446bc43a2974460d87ecef3d) Importer(815301076,1909f56bfc062723c751e8b465ee728b)  -> (artifact id: 'e1252ee6f552129959c401c694d67509') in 0.015219 seconds 
========================================================================
Received Import Request.
  Time since last request: 11.247953 seconds.
  path: Assets/Resurses/GUI Kit Casual Game/ResourcesData/Fonts/LilitaOne-Regular Outline 32 SDF.asset
  artifactKey: Guid(9a2157e1f9c4c4d38841fbb92558f587) Importer(815301076,1909f56bfc062723c751e8b465ee728b)
Start importing Assets/Resurses/GUI Kit Casual Game/ResourcesData/Fonts/LilitaOne-Regular Outline 32 SDF.asset using Guid(9a2157e1f9c4c4d38841fbb92558f587) Importer(815301076,1909f56bfc062723c751e8b465ee728b)  -> (artifact id: '3d0b68567dd5a3af8eb4f15bcb2708fd') in 0.020474 seconds 
========================================================================
Received Import Request.
  Time since last request: 0.000049 seconds.
  path: Assets/Resurses/GUI Kit Casual Game/ResourcesData/Fonts/LilitaOne-Regular Outline 50 SDF Atlas.png
  artifactKey: Guid(51bda5a7ed19c4c39bbb02ae0c80c2c1) Importer(815301076,1909f56bfc062723c751e8b465ee728b)
Start importing Assets/Resurses/GUI Kit Casual Game/ResourcesData/Fonts/LilitaOne-Regular Outline 50 SDF Atlas.png using Guid(51bda5a7ed19c4c39bbb02ae0c80c2c1) Importer(815301076,1909f56bfc062723c751e8b465ee728b)  -> (artifact id: '849b997525623fc48615838402f5a2f4') in 0.034770 seconds 
========================================================================
Received Import Request.
  Time since last request: 0.000039 seconds.
  path: Assets/Resurses/GUI Kit Casual Game/ResourcesData/Fonts/LilitaOne-Regular Outline_Extended ASCII_64 SDF.asset
  artifactKey: Guid(4995422ffdb954b70a642f73eb1442ea) Importer(815301076,1909f56bfc062723c751e8b465ee728b)
Start importing Assets/Resurses/GUI Kit Casual Game/ResourcesData/Fonts/LilitaOne-Regular Outline_Extended ASCII_64 SDF.asset using Guid(4995422ffdb954b70a642f73eb1442ea) Importer(815301076,1909f56bfc062723c751e8b465ee728b)  -> (artifact id: '567284f94ac8b170217f980e476d3a7e') in 0.044042 seconds 
========================================================================
Received Import Request.
  Time since last request: 0.000022 seconds.
  path: Assets/Resurses/GUI Kit Casual Game/ResourcesData/Fonts/LilitaOne-Regular Outline 50 SDF.asset
  artifactKey: Guid(c2f49fe8c22d94f9a9e6cd06ad490155) Importer(815301076,1909f56bfc062723c751e8b465ee728b)
Start importing Assets/Resurses/GUI Kit Casual Game/ResourcesData/Fonts/LilitaOne-Regular Outline 50 SDF.asset using Guid(c2f49fe8c22d94f9a9e6cd06ad490155) Importer(815301076,1909f56bfc062723c751e8b465ee728b)  -> (artifact id: 'f6d1f403fdb385c82f70c41727d479f6') in 0.027422 seconds 
========================================================================
Received Import Request.
  Time since last request: 0.000019 seconds.
  path: Assets/Resurses/GUI Kit Casual Game/ResourcesData/Fonts/LilitaOne-Regular Outline 120 SDF.asset
  artifactKey: Guid(7659f6d6ec9b642db8be29bc45fe97cc) Importer(815301076,1909f56bfc062723c751e8b465ee728b)
Start importing Assets/Resurses/GUI Kit Casual Game/ResourcesData/Fonts/LilitaOne-Regular Outline 120 SDF.asset using Guid(7659f6d6ec9b642db8be29bc45fe97cc) Importer(815301076,1909f56bfc062723c751e8b465ee728b)  -> (artifact id: '46784246605e445763929c0e5a8a9679') in 0.040443 seconds 
========================================================================
Received Import Request.
  Time since last request: 0.000027 seconds.
  path: Assets/Resurses/GUI Kit Casual Game/ResourcesData/Fonts/LilitaOne-Regular Outline_Extended ASCII_72 SDF Atlas.png
  artifactKey: Guid(be2c5d62ca95142e3b9dc4d4a638b2b6) Importer(815301076,1909f56bfc062723c751e8b465ee728b)
Start importing Assets/Resurses/GUI Kit Casual Game/ResourcesData/Fonts/LilitaOne-Regular Outline_Extended ASCII_72 SDF Atlas.png using Guid(be2c5d62ca95142e3b9dc4d4a638b2b6) Importer(815301076,1909f56bfc062723c751e8b465ee728b)  -> (artifact id: '77d476195ad5cce327f23273bae8fa65') in 0.158245 seconds 
========================================================================
Received Import Request.
  Time since last request: 0.000018 seconds.
  path: Assets/Resurses/GUI Kit Casual Game/ResourcesData/Fonts/LilitaOne-Regular Outline_Extended ASCII_50 SDF.asset
  artifactKey: Guid(ad5569965d2734880a004e3e3d7d1358) Importer(815301076,1909f56bfc062723c751e8b465ee728b)
Start importing Assets/Resurses/GUI Kit Casual Game/ResourcesData/Fonts/LilitaOne-Regular Outline_Extended ASCII_50 SDF.asset using Guid(ad5569965d2734880a004e3e3d7d1358) Importer(815301076,1909f56bfc062723c751e8b465ee728b)  -> (artifact id: '91ef611134e661036d44916a07181b7e') in 0.037226 seconds 
========================================================================
Received Import Request.
  Time since last request: 0.000037 seconds.
  path: Assets/Resurses/GUI Kit Casual Game/ResourcesData/Fonts/LilitaOne-Regular Outline_Extended ASCII_50 SDF Atlas.png
  artifactKey: Guid(b549307935a4b424aa346ab218ec8f47) Importer(815301076,1909f56bfc062723c751e8b465ee728b)
Start importing Assets/Resurses/GUI Kit Casual Game/ResourcesData/Fonts/LilitaOne-Regular Outline_Extended ASCII_50 SDF Atlas.png using Guid(b549307935a4b424aa346ab218ec8f47) Importer(815301076,1909f56bfc062723c751e8b465ee728b)  -> (artifact id: '597b4bdc5f2781c8cd3beb34d100e026') in 0.057059 seconds 
========================================================================
Received Import Request.
  Time since last request: 0.000019 seconds.
  path: Assets/Resurses/GUI Kit Casual Game/ResourcesData/Fonts/LilitaOne-Regular Outline_Extended ASCII_54 SDF.asset
  artifactKey: Guid(8ecd17aeceaba4c10b42ac497ccbfcff) Importer(815301076,1909f56bfc062723c751e8b465ee728b)
Start importing Assets/Resurses/GUI Kit Casual Game/ResourcesData/Fonts/LilitaOne-Regular Outline_Extended ASCII_54 SDF.asset using Guid(8ecd17aeceaba4c10b42ac497ccbfcff) Importer(815301076,1909f56bfc062723c751e8b465ee728b)  -> (artifact id: '45a4739ebf4237dd14328b3bcc5a1316') in 0.053088 seconds 
========================================================================
Received Import Request.
  Time since last request: 0.000031 seconds.
  path: Assets/Resurses/GUI Kit Casual Game/ResourcesData/Fonts/LilitaOne-Regular Outline 72 SDF.asset
  artifactKey: Guid(b741db7ac3d1c423aad5b49a9780ca2d) Importer(815301076,1909f56bfc062723c751e8b465ee728b)
Start importing Assets/Resurses/GUI Kit Casual Game/ResourcesData/Fonts/LilitaOne-Regular Outline 72 SDF.asset using Guid(b741db7ac3d1c423aad5b49a9780ca2d) Importer(815301076,1909f56bfc062723c751e8b465ee728b)  -> (artifact id: 'd862aa1508e252105920999e6c339236') in 0.049628 seconds 
========================================================================
Received Import Request.
  Time since last request: 0.000028 seconds.
  path: Assets/Resurses/GUI Kit Casual Game/ResourcesData/Fonts/LilitaOne-Regular Outline 72 SDF Atlas.png
  artifactKey: Guid(3b98b1d4d020f485d839d46f3d718b84) Importer(815301076,1909f56bfc062723c751e8b465ee728b)
Start importing Assets/Resurses/GUI Kit Casual Game/ResourcesData/Fonts/LilitaOne-Regular Outline 72 SDF Atlas.png using Guid(3b98b1d4d020f485d839d46f3d718b84) Importer(815301076,1909f56bfc062723c751e8b465ee728b)  -> (artifact id: '6fcacb5b6de94547a095c32d5bda0eb2') in 0.075012 seconds 
========================================================================
Received Import Request.
  Time since last request: 0.000025 seconds.
  path: Assets/Resurses/GUI Kit Casual Game/ResourcesData/Fonts/LilitaOne-Regular Outline_Extended ASCII_72 SDF.asset
  artifactKey: Guid(6ecbe1defc55a463ba1172f67f84844b) Importer(815301076,1909f56bfc062723c751e8b465ee728b)
Start importing Assets/Resurses/GUI Kit Casual Game/ResourcesData/Fonts/LilitaOne-Regular Outline_Extended ASCII_72 SDF.asset using Guid(6ecbe1defc55a463ba1172f67f84844b) Importer(815301076,1909f56bfc062723c751e8b465ee728b)  -> (artifact id: '1746cc15fae84993c66978a0f9f43436') in 0.056344 seconds 
========================================================================
Received Import Request.
  Time since last request: 0.000121 seconds.
  path: Assets/Resurses/GUI Kit Casual Game/ResourcesData/Fonts/LilitaOne-Regular Outline 54 SDF.asset
  artifactKey: Guid(605433b68313d491a8ab88bc03a41651) Importer(815301076,1909f56bfc062723c751e8b465ee728b)
Start importing Assets/Resurses/GUI Kit Casual Game/ResourcesData/Fonts/LilitaOne-Regular Outline 54 SDF.asset using Guid(605433b68313d491a8ab88bc03a41651) Importer(815301076,1909f56bfc062723c751e8b465ee728b)  -> (artifact id: '790adbcdc3cef9956d1ad2846da7ec2f') in 0.038589 seconds 
========================================================================
Received Import Request.
  Time since last request: 0.000020 seconds.
  path: Assets/Resurses/GUI Kit Casual Game/ResourcesData/Fonts/LilitaOne-Regular Outline_Extended ASCII_120 SDF Atlas.png
  artifactKey: Guid(f2c790a55f5074ff7aa3b33040acfadd) Importer(815301076,1909f56bfc062723c751e8b465ee728b)
Start importing Assets/Resurses/GUI Kit Casual Game/ResourcesData/Fonts/LilitaOne-Regular Outline_Extended ASCII_120 SDF Atlas.png using Guid(f2c790a55f5074ff7aa3b33040acfadd) Importer(815301076,1909f56bfc062723c751e8b465ee728b)  -> (artifact id: '6550b24bfd670b47efc2574fa9a194ee') in 0.138428 seconds 
========================================================================
Received Prepare
Registering precompiled user dll's ...
Registered in 0.002581 seconds.
Begin MonoManager ReloadAssembly
Symbol file LoadedFromMemory doesn't match image D:\UnityHub\TSDSYS\TSD\Library\PackageCache\com.unity.visualscripting@1.7.8\Editor\VisualScripting.Core\Dependencies\YamlDotNet\Unity.VisualScripting.YamlDotNet.dll
Symbol file LoadedFromMemory doesn't match image D:\UnityHub\TSDSYS\TSD\Library\PackageCache\com.unity.visualscripting@1.7.8\Editor\VisualScripting.Core\Dependencies\DotNetZip\Unity.VisualScripting.IonicZip.dll
Native extension for WindowsStandalone target not found
Native extension for iOS target not found
Native extension for Android target not found
Native extension for WebGL target not found
Refreshing native plugins compatible for Editor in 1.10 ms, found 3 plugins.
Preloading 0 native plugins for Editor in 0.00 ms.
Mono: successfully reloaded assembly
- Completed reload, in  1.221 seconds
Domain Reload Profiling:
	ReloadAssembly (1222ms)
		BeginReloadAssembly (150ms)
			ExecutionOrderSort (0ms)
			DisableScriptedObjects (6ms)
			BackupInstance (0ms)
			ReleaseScriptingObjects (0ms)
			CreateAndSetChildDomain (51ms)
		EndReloadAssembly (949ms)
			LoadAssemblies (76ms)
			RebuildTransferFunctionScriptingTraits (0ms)
			SetupTypeCache (345ms)
			ReleaseScriptCaches (1ms)
			RebuildScriptCaches (55ms)
			SetupLoadedEditorAssemblies (410ms)
				LogAssemblyErrors (0ms)
				InitializePlatformSupportModulesInManaged (33ms)
				SetLoadedEditorAssemblies (1ms)
				RefreshPlugins (1ms)
				BeforeProcessingInitializeOnLoad (83ms)
				ProcessInitializeOnLoadAttributes (259ms)
				ProcessInitializeOnLoadMethodAttributes (27ms)
				AfterProcessingInitializeOnLoad (6ms)
				EditorAssembliesLoaded (0ms)
			ExecutionOrderSort2 (0ms)
			AwakeInstancesAfterBackupRestoration (6ms)
Platform modules already initialized, skipping
Failed to load shader (instanceID 396, GUID 9c442dc870b456e48b615cd8add0e9ef)
Failed to load shader (instanceID 398, GUID 493b79ea9c9be44ed8b702014d3ac49c)
Refreshing native plugins compatible for Editor in 2.19 ms, found 3 plugins.
Preloading 0 native plugins for Editor in 0.00 ms.
Unloading 3372 Unused Serialized files (Serialized files now loaded: 0)
Unloading 18 unused Assets / (24.6 KB). Loaded Objects now: 3945.
Memory consumption went from 124.3 MB to 124.3 MB.
Total: 4.365100 ms (FindLiveObjects: 0.448700 ms CreateObjectMapping: 0.357600 ms MarkObjects: 3.527100 ms  DeleteObjects: 0.029900 ms)

AssetImportParameters requested are different than current active one (requested -> active):
  custom:video-decoder-ogg-theora: a1e56fd34408186e4bbccfd4996cb3dc -> 
  custom:container-muxer-webm: aa71ff27fc2769a1b78a27578f13a17b -> 
  custom:container-demuxer-webm: 4f35f7cbe854078d1ac9338744f61a02 -> 
  custom:video-encoder-webm-vp8: eb34c28f22e8b96e1ab97ce403110664 -> 
  custom:video-codec-MediaFoundation-h265: 746d11721c4dcdbdad8f713fa42b33f4 -> 
  custom:audio-encoder-webm-vorbis: bf7c407c2cedff20999df2af8eb42d56 -> 
  custom:framework-win-MediaFoundation: 216162199b28c13a410421893ffa2e32 -> 
  custom:container-demuxer-ogg: 62fdf1f143b41e24485cea50d1cbac27 -> 
  custom:video-decoder-webm-vp8: 9c59270c3fd7afecdb556c50c9e8de78 -> 
  custom:audio-decoder-ogg-vorbis: bf7c407c2cedff20999df2af8eb42d56 -> 
